[0.473s] DEBUG:colcon:Command line arguments: ['/usr/bin/colcon', 'build']
[0.473s] DEBUG:colcon:Parsed command line arguments: Namespace(log_base=None, log_level=None, verb_name='build', build_base='build', install_base='install', merge_install=False, symlink_install=False, test_result_base=None, continue_on_error=False, executor='parallel', parallel_workers=4, event_handlers=None, ignore_user_meta=False, metas=['./colcon.meta'], base_paths=['.'], packages_ignore=None, packages_ignore_regex=None, paths=None, packages_up_to=None, packages_up_to_regex=None, packages_above=None, packages_above_and_dependencies=None, packages_above_depth=None, packages_select_by_dep=None, packages_skip_by_dep=None, packages_skip_up_to=None, packages_select_build_failed=False, packages_skip_build_finished=False, packages_select_test_failures=False, packages_skip_test_passed=False, packages_select=None, packages_skip=None, packages_select_regex=None, packages_skip_regex=None, packages_start=None, packages_end=None, allow_overriding=[], cmake_args=None, cmake_target=None, cmake_target_skip_unavailable=False, cmake_clean_cache=False, cmake_clean_first=False, cmake_force_configure=False, ament_cmake_args=None, catkin_cmake_args=None, catkin_skip_building_tests=False, verb_parser=<colcon_defaults.argument_parser.defaults.DefaultArgumentsDecorator object at 0x7fa01d5e1690>, verb_extension=<colcon_core.verb.build.BuildVerb object at 0x7fa01df25630>, main=<bound method BuildVerb.main of <colcon_core.verb.build.BuildVerb object at 0x7fa01df25630>>)
[0.523s] Level 1:colcon.colcon_core.package_discovery:discover_packages(colcon_meta) check parameters
[0.524s] Level 1:colcon.colcon_core.package_discovery:discover_packages(recursive) check parameters
[0.524s] Level 1:colcon.colcon_core.package_discovery:discover_packages(ignore) check parameters
[0.524s] Level 1:colcon.colcon_core.package_discovery:discover_packages(path) check parameters
[0.524s] Level 1:colcon.colcon_core.package_discovery:discover_packages(colcon_meta) discover
[0.524s] Level 1:colcon.colcon_core.package_discovery:discover_packages(recursive) discover
[0.524s] INFO:colcon.colcon_core.package_discovery:Crawling recursively for packages in '/home/ubuntu/ros2_ws/pico_ros'
[0.524s] Level 1:colcon.colcon_core.package_identification:_identify(.) by extensions ['ignore', 'ignore_ament_install']
[0.524s] Level 1:colcon.colcon_core.package_identification:_identify(.) by extension 'ignore'
[0.524s] Level 1:colcon.colcon_core.package_identification:_identify(.) by extension 'ignore_ament_install'
[0.524s] Level 1:colcon.colcon_core.package_identification:_identify(.) by extensions ['colcon_pkg']
[0.524s] Level 1:colcon.colcon_core.package_identification:_identify(.) by extension 'colcon_pkg'
[0.524s] Level 1:colcon.colcon_core.package_identification:_identify(.) by extensions ['colcon_meta']
[0.524s] Level 1:colcon.colcon_core.package_identification:_identify(.) by extension 'colcon_meta'
[0.524s] Level 1:colcon.colcon_core.package_identification:_identify(.) by extensions ['ros']
[0.525s] Level 1:colcon.colcon_core.package_identification:_identify(.) by extension 'ros'
[0.554s] Level 1:colcon.colcon_core.package_identification:_identify(.) by extensions ['cmake', 'python']
[0.554s] Level 1:colcon.colcon_core.package_identification:_identify(.) by extension 'cmake'
[0.554s] Level 1:colcon.colcon_core.package_identification:_identify(.) by extension 'python'
[0.554s] Level 1:colcon.colcon_core.package_identification:_identify(.) by extensions ['python_setup_py']
[0.554s] Level 1:colcon.colcon_core.package_identification:_identify(.) by extension 'python_setup_py'
[0.554s] Level 1:colcon.colcon_core.package_identification:_identify(build) by extensions ['ignore', 'ignore_ament_install']
[0.554s] Level 1:colcon.colcon_core.package_identification:_identify(build) by extension 'ignore'
[0.554s] Level 1:colcon.colcon_core.package_identification:_identify(build) ignored
[0.555s] Level 1:colcon.colcon_core.package_identification:_identify(install) by extensions ['ignore', 'ignore_ament_install']
[0.555s] Level 1:colcon.colcon_core.package_identification:_identify(install) by extension 'ignore'
[0.555s] Level 1:colcon.colcon_core.package_identification:_identify(install) ignored
[0.555s] Level 1:colcon.colcon_core.package_identification:_identify(log) by extensions ['ignore', 'ignore_ament_install']
[0.555s] Level 1:colcon.colcon_core.package_identification:_identify(log) by extension 'ignore'
[0.555s] Level 1:colcon.colcon_core.package_identification:_identify(log) ignored
[0.555s] Level 1:colcon.colcon_core.package_identification:_identify(pico_description) by extensions ['ignore', 'ignore_ament_install']
[0.555s] Level 1:colcon.colcon_core.package_identification:_identify(pico_description) by extension 'ignore'
[0.555s] Level 1:colcon.colcon_core.package_identification:_identify(pico_description) by extension 'ignore_ament_install'
[0.555s] Level 1:colcon.colcon_core.package_identification:_identify(pico_description) by extensions ['colcon_pkg']
[0.555s] Level 1:colcon.colcon_core.package_identification:_identify(pico_description) by extension 'colcon_pkg'
[0.555s] Level 1:colcon.colcon_core.package_identification:_identify(pico_description) by extensions ['colcon_meta']
[0.555s] Level 1:colcon.colcon_core.package_identification:_identify(pico_description) by extension 'colcon_meta'
[0.556s] Level 1:colcon.colcon_core.package_identification:_identify(pico_description) by extensions ['ros']
[0.556s] Level 1:colcon.colcon_core.package_identification:_identify(pico_description) by extension 'ros'
[0.560s] DEBUG:colcon.colcon_core.package_identification:Package 'pico_description' with type 'ros.ament_cmake' and name 'pico_description'
[0.560s] Level 1:colcon.colcon_core.package_identification:_identify(teleop_joy) by extensions ['ignore', 'ignore_ament_install']
[0.560s] Level 1:colcon.colcon_core.package_identification:_identify(teleop_joy) by extension 'ignore'
[0.560s] Level 1:colcon.colcon_core.package_identification:_identify(teleop_joy) by extension 'ignore_ament_install'
[0.560s] Level 1:colcon.colcon_core.package_identification:_identify(teleop_joy) by extensions ['colcon_pkg']
[0.560s] Level 1:colcon.colcon_core.package_identification:_identify(teleop_joy) by extension 'colcon_pkg'
[0.560s] Level 1:colcon.colcon_core.package_identification:_identify(teleop_joy) by extensions ['colcon_meta']
[0.560s] Level 1:colcon.colcon_core.package_identification:_identify(teleop_joy) by extension 'colcon_meta'
[0.560s] Level 1:colcon.colcon_core.package_identification:_identify(teleop_joy) by extensions ['ros']
[0.560s] Level 1:colcon.colcon_core.package_identification:_identify(teleop_joy) by extension 'ros'
[0.561s] DEBUG:colcon.colcon_core.package_identification:Package 'teleop_joy' with type 'ros.ament_cmake' and name 'teleop_joy'
[0.562s] Level 1:colcon.colcon_core.package_discovery:discover_packages(recursive) using defaults
[0.562s] Level 1:colcon.colcon_core.package_discovery:discover_packages(ignore) discover
[0.562s] Level 1:colcon.colcon_core.package_discovery:discover_packages(ignore) using defaults
[0.562s] Level 1:colcon.colcon_core.package_discovery:discover_packages(path) discover
[0.562s] Level 1:colcon.colcon_core.package_discovery:discover_packages(path) using defaults
[0.596s] Level 1:colcon.colcon_core.package_discovery:discover_packages(prefix_path) check parameters
[0.596s] Level 1:colcon.colcon_core.package_discovery:discover_packages(prefix_path) discover
[0.601s] DEBUG:colcon.colcon_installed_package_information.package_discovery:Found 7 installed packages in /home/ubuntu/ros2_ws/install
[0.603s] DEBUG:colcon.colcon_installed_package_information.package_discovery:Found 276 installed packages in /opt/ros/humble
[0.605s] Level 1:colcon.colcon_core.package_discovery:discover_packages(prefix_path) using defaults
[0.684s] Level 5:colcon.colcon_core.verb:set package 'pico_description' build argument 'cmake_args' from command line to 'None'
[0.684s] Level 5:colcon.colcon_core.verb:set package 'pico_description' build argument 'cmake_target' from command line to 'None'
[0.684s] Level 5:colcon.colcon_core.verb:set package 'pico_description' build argument 'cmake_target_skip_unavailable' from command line to 'False'
[0.684s] Level 5:colcon.colcon_core.verb:set package 'pico_description' build argument 'cmake_clean_cache' from command line to 'False'
[0.684s] Level 5:colcon.colcon_core.verb:set package 'pico_description' build argument 'cmake_clean_first' from command line to 'False'
[0.684s] Level 5:colcon.colcon_core.verb:set package 'pico_description' build argument 'cmake_force_configure' from command line to 'False'
[0.684s] Level 5:colcon.colcon_core.verb:set package 'pico_description' build argument 'ament_cmake_args' from command line to 'None'
[0.684s] Level 5:colcon.colcon_core.verb:set package 'pico_description' build argument 'catkin_cmake_args' from command line to 'None'
[0.684s] Level 5:colcon.colcon_core.verb:set package 'pico_description' build argument 'catkin_skip_building_tests' from command line to 'False'
[0.684s] DEBUG:colcon.colcon_core.verb:Building package 'pico_description' with the following arguments: {'ament_cmake_args': None, 'build_base': '/home/ubuntu/ros2_ws/pico_ros/build/pico_description', 'catkin_cmake_args': None, 'catkin_skip_building_tests': False, 'cmake_args': None, 'cmake_clean_cache': False, 'cmake_clean_first': False, 'cmake_force_configure': False, 'cmake_target': None, 'cmake_target_skip_unavailable': False, 'install_base': '/home/ubuntu/ros2_ws/pico_ros/install/pico_description', 'merge_install': False, 'path': '/home/ubuntu/ros2_ws/pico_ros/pico_description', 'symlink_install': False, 'test_result_base': None}
[0.685s] Level 5:colcon.colcon_core.verb:set package 'teleop_joy' build argument 'cmake_args' from command line to 'None'
[0.686s] Level 5:colcon.colcon_core.verb:set package 'teleop_joy' build argument 'cmake_target' from command line to 'None'
[0.686s] Level 5:colcon.colcon_core.verb:set package 'teleop_joy' build argument 'cmake_target_skip_unavailable' from command line to 'False'
[0.686s] Level 5:colcon.colcon_core.verb:set package 'teleop_joy' build argument 'cmake_clean_cache' from command line to 'False'
[0.686s] Level 5:colcon.colcon_core.verb:set package 'teleop_joy' build argument 'cmake_clean_first' from command line to 'False'
[0.686s] Level 5:colcon.colcon_core.verb:set package 'teleop_joy' build argument 'cmake_force_configure' from command line to 'False'
[0.686s] Level 5:colcon.colcon_core.verb:set package 'teleop_joy' build argument 'ament_cmake_args' from command line to 'None'
[0.686s] Level 5:colcon.colcon_core.verb:set package 'teleop_joy' build argument 'catkin_cmake_args' from command line to 'None'
[0.686s] Level 5:colcon.colcon_core.verb:set package 'teleop_joy' build argument 'catkin_skip_building_tests' from command line to 'False'
[0.686s] DEBUG:colcon.colcon_core.verb:Building package 'teleop_joy' with the following arguments: {'ament_cmake_args': None, 'build_base': '/home/ubuntu/ros2_ws/pico_ros/build/teleop_joy', 'catkin_cmake_args': None, 'catkin_skip_building_tests': False, 'cmake_args': None, 'cmake_clean_cache': False, 'cmake_clean_first': False, 'cmake_force_configure': False, 'cmake_target': None, 'cmake_target_skip_unavailable': False, 'install_base': '/home/ubuntu/ros2_ws/pico_ros/install/teleop_joy', 'merge_install': False, 'path': '/home/ubuntu/ros2_ws/pico_ros/teleop_joy', 'symlink_install': False, 'test_result_base': None}
[0.686s] INFO:colcon.colcon_core.executor:Executing jobs using 'parallel' executor
[0.691s] DEBUG:colcon.colcon_parallel_executor.executor.parallel:run_until_complete
[0.691s] INFO:colcon.colcon_ros.task.ament_cmake.build:Building ROS package in '/home/ubuntu/ros2_ws/pico_ros/pico_description' with build type 'ament_cmake'
[0.691s] INFO:colcon.colcon_cmake.task.cmake.build:Building CMake package in '/home/ubuntu/ros2_ws/pico_ros/pico_description'
[0.700s] INFO:colcon.colcon_core.plugin_system:Skipping extension 'colcon_core.shell.bat': Not used on non-Windows systems
[0.701s] INFO:colcon.colcon_core.shell:Skip shell extension 'powershell' for command environment: Not usable outside of PowerShell
[0.701s] DEBUG:colcon.colcon_core.shell:Skip shell extension 'dsv' for command environment
[0.707s] INFO:colcon.colcon_ros.task.ament_cmake.build:Building ROS package in '/home/ubuntu/ros2_ws/pico_ros/teleop_joy' with build type 'ament_cmake'
[0.707s] INFO:colcon.colcon_cmake.task.cmake.build:Building CMake package in '/home/ubuntu/ros2_ws/pico_ros/teleop_joy'
[0.709s] INFO:colcon.colcon_core.shell:Skip shell extension 'powershell' for command environment: Not usable outside of PowerShell
[0.710s] DEBUG:colcon.colcon_core.shell:Skip shell extension 'dsv' for command environment
[0.721s] DEBUG:colcon.colcon_core.event_handler.log_command:Invoking command in '/home/ubuntu/ros2_ws/pico_ros/build/pico_description': CMAKE_PREFIX_PATH=${CMAKE_PREFIX_PATH}:/opt/ros/humble /usr/bin/cmake --build /home/ubuntu/ros2_ws/pico_ros/build/pico_description -- -j4 -l4
[0.731s] DEBUG:colcon.colcon_core.event_handler.log_command:Invoking command in '/home/ubuntu/ros2_ws/pico_ros/build/teleop_joy': CMAKE_PREFIX_PATH=${CMAKE_PREFIX_PATH}:/opt/ros/humble /usr/bin/cmake --build /home/ubuntu/ros2_ws/pico_ros/build/teleop_joy -- -j4 -l4
[0.826s] DEBUG:colcon.colcon_core.event_handler.log_command:Invoked command in '/home/ubuntu/ros2_ws/pico_ros/build/pico_description' returned '0': CMAKE_PREFIX_PATH=${CMAKE_PREFIX_PATH}:/opt/ros/humble /usr/bin/cmake --build /home/ubuntu/ros2_ws/pico_ros/build/pico_description -- -j4 -l4
[0.860s] DEBUG:colcon.colcon_core.event_handler.log_command:Invoking command in '/home/ubuntu/ros2_ws/pico_ros/build/pico_description': CMAKE_PREFIX_PATH=${CMAKE_PREFIX_PATH}:/opt/ros/humble /usr/bin/cmake --install /home/ubuntu/ros2_ws/pico_ros/build/pico_description
[0.876s] Level 1:colcon.colcon_core.environment:create_environment_scripts_only(pico_description)
[0.878s] DEBUG:colcon.colcon_core.event_handler.log_command:Invoked command in '/home/ubuntu/ros2_ws/pico_ros/build/pico_description' returned '0': CMAKE_PREFIX_PATH=${CMAKE_PREFIX_PATH}:/opt/ros/humble /usr/bin/cmake --install /home/ubuntu/ros2_ws/pico_ros/build/pico_description
[0.886s] Level 1:colcon.colcon_core.environment:checking '/home/ubuntu/ros2_ws/pico_ros/install/pico_description' for CMake module files
[0.887s] Level 1:colcon.colcon_core.environment:checking '/home/ubuntu/ros2_ws/pico_ros/install/pico_description' for CMake config files
[0.888s] Level 1:colcon.colcon_core.shell:create_environment_hook('pico_description', 'cmake_prefix_path')
[0.889s] INFO:colcon.colcon_core.shell:Creating environment hook '/home/ubuntu/ros2_ws/pico_ros/install/pico_description/share/pico_description/hook/cmake_prefix_path.ps1'
[0.890s] INFO:colcon.colcon_core.shell:Creating environment descriptor '/home/ubuntu/ros2_ws/pico_ros/install/pico_description/share/pico_description/hook/cmake_prefix_path.dsv'
[0.891s] INFO:colcon.colcon_core.shell:Creating environment hook '/home/ubuntu/ros2_ws/pico_ros/install/pico_description/share/pico_description/hook/cmake_prefix_path.sh'
[0.892s] Level 1:colcon.colcon_core.environment:checking '/home/ubuntu/ros2_ws/pico_ros/install/pico_description/bin'
[0.893s] Level 1:colcon.colcon_core.environment:checking '/home/ubuntu/ros2_ws/pico_ros/install/pico_description/lib/pkgconfig/pico_description.pc'
[0.893s] Level 1:colcon.colcon_core.environment:checking '/home/ubuntu/ros2_ws/pico_ros/install/pico_description/lib/python3.10/site-packages'
[0.893s] Level 1:colcon.colcon_core.environment:checking '/home/ubuntu/ros2_ws/pico_ros/install/pico_description/bin'
[0.895s] INFO:colcon.colcon_core.shell:Creating package script '/home/ubuntu/ros2_ws/pico_ros/install/pico_description/share/pico_description/package.ps1'
[0.896s] INFO:colcon.colcon_core.shell:Creating package descriptor '/home/ubuntu/ros2_ws/pico_ros/install/pico_description/share/pico_description/package.dsv'
[0.897s] INFO:colcon.colcon_core.shell:Creating package script '/home/ubuntu/ros2_ws/pico_ros/install/pico_description/share/pico_description/package.sh'
[0.898s] INFO:colcon.colcon_core.shell:Creating package script '/home/ubuntu/ros2_ws/pico_ros/install/pico_description/share/pico_description/package.bash'
[0.899s] INFO:colcon.colcon_core.shell:Creating package script '/home/ubuntu/ros2_ws/pico_ros/install/pico_description/share/pico_description/package.zsh'
[0.900s] Level 1:colcon.colcon_core.environment:create_file_with_runtime_dependencies(/home/ubuntu/ros2_ws/pico_ros/install/pico_description/share/colcon-core/packages/pico_description)
[0.904s] DEBUG:colcon.colcon_core.event_handler.log_command:Invoked command in '/home/ubuntu/ros2_ws/pico_ros/build/teleop_joy' returned '0': CMAKE_PREFIX_PATH=${CMAKE_PREFIX_PATH}:/opt/ros/humble /usr/bin/cmake --build /home/ubuntu/ros2_ws/pico_ros/build/teleop_joy -- -j4 -l4
[0.927s] Level 1:colcon.colcon_core.environment:create_environment_scripts_only(pico_description)
[0.929s] Level 1:colcon.colcon_core.environment:checking '/home/ubuntu/ros2_ws/pico_ros/install/pico_description' for CMake module files
[0.930s] Level 1:colcon.colcon_core.environment:checking '/home/ubuntu/ros2_ws/pico_ros/install/pico_description' for CMake config files
[0.931s] Level 1:colcon.colcon_core.shell:create_environment_hook('pico_description', 'cmake_prefix_path')
[0.932s] INFO:colcon.colcon_core.shell:Creating environment hook '/home/ubuntu/ros2_ws/pico_ros/install/pico_description/share/pico_description/hook/cmake_prefix_path.ps1'
[0.933s] INFO:colcon.colcon_core.shell:Creating environment descriptor '/home/ubuntu/ros2_ws/pico_ros/install/pico_description/share/pico_description/hook/cmake_prefix_path.dsv'
[0.933s] INFO:colcon.colcon_core.shell:Creating environment hook '/home/ubuntu/ros2_ws/pico_ros/install/pico_description/share/pico_description/hook/cmake_prefix_path.sh'
[0.934s] Level 1:colcon.colcon_core.environment:checking '/home/ubuntu/ros2_ws/pico_ros/install/pico_description/bin'
[0.934s] Level 1:colcon.colcon_core.environment:checking '/home/ubuntu/ros2_ws/pico_ros/install/pico_description/lib/pkgconfig/pico_description.pc'
[0.934s] Level 1:colcon.colcon_core.environment:checking '/home/ubuntu/ros2_ws/pico_ros/install/pico_description/lib/python3.10/site-packages'
[0.935s] Level 1:colcon.colcon_core.environment:checking '/home/ubuntu/ros2_ws/pico_ros/install/pico_description/bin'
[0.937s] INFO:colcon.colcon_core.shell:Creating package script '/home/ubuntu/ros2_ws/pico_ros/install/pico_description/share/pico_description/package.ps1'
[0.937s] INFO:colcon.colcon_core.shell:Creating package descriptor '/home/ubuntu/ros2_ws/pico_ros/install/pico_description/share/pico_description/package.dsv'
[0.938s] INFO:colcon.colcon_core.shell:Creating package script '/home/ubuntu/ros2_ws/pico_ros/install/pico_description/share/pico_description/package.sh'
[0.938s] INFO:colcon.colcon_core.shell:Creating package script '/home/ubuntu/ros2_ws/pico_ros/install/pico_description/share/pico_description/package.bash'
[0.938s] INFO:colcon.colcon_core.shell:Creating package script '/home/ubuntu/ros2_ws/pico_ros/install/pico_description/share/pico_description/package.zsh'
[0.939s] Level 1:colcon.colcon_core.environment:create_file_with_runtime_dependencies(/home/ubuntu/ros2_ws/pico_ros/install/pico_description/share/colcon-core/packages/pico_description)
[0.942s] DEBUG:colcon.colcon_core.event_handler.log_command:Invoking command in '/home/ubuntu/ros2_ws/pico_ros/build/teleop_joy': CMAKE_PREFIX_PATH=${CMAKE_PREFIX_PATH}:/opt/ros/humble /usr/bin/cmake --install /home/ubuntu/ros2_ws/pico_ros/build/teleop_joy
[0.955s] Level 1:colcon.colcon_core.environment:create_environment_scripts_only(teleop_joy)
[0.958s] Level 1:colcon.colcon_core.environment:checking '/home/ubuntu/ros2_ws/pico_ros/install/teleop_joy' for CMake module files
[0.958s] DEBUG:colcon.colcon_core.event_handler.log_command:Invoked command in '/home/ubuntu/ros2_ws/pico_ros/build/teleop_joy' returned '0': CMAKE_PREFIX_PATH=${CMAKE_PREFIX_PATH}:/opt/ros/humble /usr/bin/cmake --install /home/ubuntu/ros2_ws/pico_ros/build/teleop_joy
[0.959s] Level 1:colcon.colcon_core.environment:checking '/home/ubuntu/ros2_ws/pico_ros/install/teleop_joy' for CMake config files
[0.960s] Level 1:colcon.colcon_core.shell:create_environment_hook('teleop_joy', 'cmake_prefix_path')
[0.962s] INFO:colcon.colcon_core.shell:Creating environment hook '/home/ubuntu/ros2_ws/pico_ros/install/teleop_joy/share/teleop_joy/hook/cmake_prefix_path.ps1'
[0.962s] INFO:colcon.colcon_core.shell:Creating environment descriptor '/home/ubuntu/ros2_ws/pico_ros/install/teleop_joy/share/teleop_joy/hook/cmake_prefix_path.dsv'
[0.962s] INFO:colcon.colcon_core.shell:Creating environment hook '/home/ubuntu/ros2_ws/pico_ros/install/teleop_joy/share/teleop_joy/hook/cmake_prefix_path.sh'
[0.963s] Level 1:colcon.colcon_core.environment:checking '/home/ubuntu/ros2_ws/pico_ros/install/teleop_joy/lib'
[0.963s] Level 1:colcon.colcon_core.environment:checking '/home/ubuntu/ros2_ws/pico_ros/install/teleop_joy/bin'
[0.963s] Level 1:colcon.colcon_core.environment:checking '/home/ubuntu/ros2_ws/pico_ros/install/teleop_joy/lib/pkgconfig/teleop_joy.pc'
[0.964s] Level 1:colcon.colcon_core.environment:checking '/home/ubuntu/ros2_ws/pico_ros/install/teleop_joy/lib/python3.10/site-packages'
[0.964s] Level 1:colcon.colcon_core.environment:checking '/home/ubuntu/ros2_ws/pico_ros/install/teleop_joy/bin'
[0.965s] INFO:colcon.colcon_core.shell:Creating package script '/home/ubuntu/ros2_ws/pico_ros/install/teleop_joy/share/teleop_joy/package.ps1'
[0.966s] INFO:colcon.colcon_core.shell:Creating package descriptor '/home/ubuntu/ros2_ws/pico_ros/install/teleop_joy/share/teleop_joy/package.dsv'
[0.966s] INFO:colcon.colcon_core.shell:Creating package script '/home/ubuntu/ros2_ws/pico_ros/install/teleop_joy/share/teleop_joy/package.sh'
[0.967s] INFO:colcon.colcon_core.shell:Creating package script '/home/ubuntu/ros2_ws/pico_ros/install/teleop_joy/share/teleop_joy/package.bash'
[0.967s] INFO:colcon.colcon_core.shell:Creating package script '/home/ubuntu/ros2_ws/pico_ros/install/teleop_joy/share/teleop_joy/package.zsh'
[0.967s] Level 1:colcon.colcon_core.environment:create_file_with_runtime_dependencies(/home/ubuntu/ros2_ws/pico_ros/install/teleop_joy/share/colcon-core/packages/teleop_joy)
[0.992s] Level 1:colcon.colcon_core.environment:create_environment_scripts_only(teleop_joy)
[0.994s] Level 1:colcon.colcon_core.environment:checking '/home/ubuntu/ros2_ws/pico_ros/install/teleop_joy' for CMake module files
[0.995s] Level 1:colcon.colcon_core.environment:checking '/home/ubuntu/ros2_ws/pico_ros/install/teleop_joy' for CMake config files
[0.995s] Level 1:colcon.colcon_core.shell:create_environment_hook('teleop_joy', 'cmake_prefix_path')
[0.996s] INFO:colcon.colcon_core.shell:Creating environment hook '/home/ubuntu/ros2_ws/pico_ros/install/teleop_joy/share/teleop_joy/hook/cmake_prefix_path.ps1'
[0.997s] INFO:colcon.colcon_core.shell:Creating environment descriptor '/home/ubuntu/ros2_ws/pico_ros/install/teleop_joy/share/teleop_joy/hook/cmake_prefix_path.dsv'
[0.997s] INFO:colcon.colcon_core.shell:Creating environment hook '/home/ubuntu/ros2_ws/pico_ros/install/teleop_joy/share/teleop_joy/hook/cmake_prefix_path.sh'
[0.998s] Level 1:colcon.colcon_core.environment:checking '/home/ubuntu/ros2_ws/pico_ros/install/teleop_joy/lib'
[0.998s] Level 1:colcon.colcon_core.environment:checking '/home/ubuntu/ros2_ws/pico_ros/install/teleop_joy/bin'
[0.998s] Level 1:colcon.colcon_core.environment:checking '/home/ubuntu/ros2_ws/pico_ros/install/teleop_joy/lib/pkgconfig/teleop_joy.pc'
[0.998s] Level 1:colcon.colcon_core.environment:checking '/home/ubuntu/ros2_ws/pico_ros/install/teleop_joy/lib/python3.10/site-packages'
[0.999s] Level 1:colcon.colcon_core.environment:checking '/home/ubuntu/ros2_ws/pico_ros/install/teleop_joy/bin'
[1.000s] INFO:colcon.colcon_core.shell:Creating package script '/home/ubuntu/ros2_ws/pico_ros/install/teleop_joy/share/teleop_joy/package.ps1'
[1.001s] INFO:colcon.colcon_core.shell:Creating package descriptor '/home/ubuntu/ros2_ws/pico_ros/install/teleop_joy/share/teleop_joy/package.dsv'
[1.001s] INFO:colcon.colcon_core.shell:Creating package script '/home/ubuntu/ros2_ws/pico_ros/install/teleop_joy/share/teleop_joy/package.sh'
[1.002s] INFO:colcon.colcon_core.shell:Creating package script '/home/ubuntu/ros2_ws/pico_ros/install/teleop_joy/share/teleop_joy/package.bash'
[1.002s] INFO:colcon.colcon_core.shell:Creating package script '/home/ubuntu/ros2_ws/pico_ros/install/teleop_joy/share/teleop_joy/package.zsh'
[1.002s] Level 1:colcon.colcon_core.environment:create_file_with_runtime_dependencies(/home/ubuntu/ros2_ws/pico_ros/install/teleop_joy/share/colcon-core/packages/teleop_joy)
[1.003s] DEBUG:colcon.colcon_parallel_executor.executor.parallel:closing loop
[1.003s] DEBUG:colcon.colcon_parallel_executor.executor.parallel:loop closed
[1.003s] DEBUG:colcon.colcon_parallel_executor.executor.parallel:run_until_complete finished with '0'
[1.003s] DEBUG:colcon.colcon_core.event_reactor:joining thread
[1.013s] INFO:colcon.colcon_core.plugin_system:Skipping extension 'colcon_notification.desktop_notification.terminal_notifier': Not used on non-Darwin systems
[1.013s] INFO:colcon.colcon_core.plugin_system:Skipping extension 'colcon_notification.desktop_notification.win32': Not used on non-Windows systems
[1.013s] INFO:colcon.colcon_notification.desktop_notification:Sending desktop notification using 'notify2'
[1.037s] DEBUG:colcon.colcon_core.event_reactor:joined thread
[1.041s] INFO:colcon.colcon_core.shell:Creating prefix script '/home/ubuntu/ros2_ws/pico_ros/install/local_setup.ps1'
[1.043s] INFO:colcon.colcon_core.shell:Creating prefix util module '/home/ubuntu/ros2_ws/pico_ros/install/_local_setup_util_ps1.py'
[1.048s] INFO:colcon.colcon_core.shell:Creating prefix chain script '/home/ubuntu/ros2_ws/pico_ros/install/setup.ps1'
[1.054s] INFO:colcon.colcon_core.shell:Creating prefix script '/home/ubuntu/ros2_ws/pico_ros/install/local_setup.sh'
[1.055s] INFO:colcon.colcon_core.shell:Creating prefix util module '/home/ubuntu/ros2_ws/pico_ros/install/_local_setup_util_sh.py'
[1.057s] INFO:colcon.colcon_core.shell:Creating prefix chain script '/home/ubuntu/ros2_ws/pico_ros/install/setup.sh'
[1.061s] INFO:colcon.colcon_core.shell:Creating prefix script '/home/ubuntu/ros2_ws/pico_ros/install/local_setup.bash'
[1.062s] INFO:colcon.colcon_core.shell:Creating prefix chain script '/home/ubuntu/ros2_ws/pico_ros/install/setup.bash'
[1.066s] INFO:colcon.colcon_core.shell:Creating prefix script '/home/ubuntu/ros2_ws/pico_ros/install/local_setup.zsh'
[1.067s] INFO:colcon.colcon_core.shell:Creating prefix chain script '/home/ubuntu/ros2_ws/pico_ros/install/setup.zsh'
