[0.025s] Invoking command in '/home/ubuntu/ros2_ws/pico_ros/build/teleop_joy': CMAKE_PREFIX_PATH=${CMAKE_PREFIX_PATH}:/opt/ros/humble /usr/bin/cmake --build /home/ubuntu/ros2_ws/pico_ros/build/teleop_joy -- -j4 -l4
[0.069s] [35m[1mConsolidate compiler generated dependencies of target teleop_joy[0m
[0.089s] [100%] Built target teleop_joy
[0.100s] Invoked command in '/home/ubuntu/ros2_ws/pico_ros/build/teleop_joy' returned '0': CMAKE_PREFIX_PATH=${CMAKE_PREFIX_PATH}:/opt/ros/humble /usr/bin/cmake --build /home/ubuntu/ros2_ws/pico_ros/build/teleop_joy -- -j4 -l4
[0.138s] Invoking command in '/home/ubuntu/ros2_ws/pico_ros/build/teleop_joy': CMAKE_PREFIX_PATH=${CMAKE_PREFIX_PATH}:/opt/ros/humble /usr/bin/cmake --install /home/ubuntu/ros2_ws/pico_ros/build/teleop_joy
[0.145s] -- Install configuration: ""
[0.146s] -- Up-to-date: /home/ubuntu/ros2_ws/pico_ros/install/teleop_joy/lib/teleop_joy/teleop_joy
[0.146s] -- Up-to-date: /home/ubuntu/ros2_ws/pico_ros/install/teleop_joy/share/ament_index/resource_index/package_run_dependencies/teleop_joy
[0.146s] -- Up-to-date: /home/ubuntu/ros2_ws/pico_ros/install/teleop_joy/share/ament_index/resource_index/parent_prefix_path/teleop_joy
[0.147s] -- Up-to-date: /home/ubuntu/ros2_ws/pico_ros/install/teleop_joy/share/teleop_joy/environment/ament_prefix_path.sh
[0.147s] -- Up-to-date: /home/ubuntu/ros2_ws/pico_ros/install/teleop_joy/share/teleop_joy/environment/ament_prefix_path.dsv
[0.147s] -- Up-to-date: /home/ubuntu/ros2_ws/pico_ros/install/teleop_joy/share/teleop_joy/environment/path.sh
[0.147s] -- Up-to-date: /home/ubuntu/ros2_ws/pico_ros/install/teleop_joy/share/teleop_joy/environment/path.dsv
[0.147s] -- Up-to-date: /home/ubuntu/ros2_ws/pico_ros/install/teleop_joy/share/teleop_joy/local_setup.bash
[0.148s] -- Up-to-date: /home/ubuntu/ros2_ws/pico_ros/install/teleop_joy/share/teleop_joy/local_setup.sh
[0.148s] -- Up-to-date: /home/ubuntu/ros2_ws/pico_ros/install/teleop_joy/share/teleop_joy/local_setup.zsh
[0.148s] -- Up-to-date: /home/ubuntu/ros2_ws/pico_ros/install/teleop_joy/share/teleop_joy/local_setup.dsv
[0.148s] -- Installing: /home/ubuntu/ros2_ws/pico_ros/install/teleop_joy/share/teleop_joy/package.dsv
[0.148s] -- Up-to-date: /home/ubuntu/ros2_ws/pico_ros/install/teleop_joy/share/ament_index/resource_index/packages/teleop_joy
[0.148s] -- Up-to-date: /home/ubuntu/ros2_ws/pico_ros/install/teleop_joy/share/teleop_joy/cmake/teleop_joyConfig.cmake
[0.149s] -- Up-to-date: /home/ubuntu/ros2_ws/pico_ros/install/teleop_joy/share/teleop_joy/cmake/teleop_joyConfig-version.cmake
[0.149s] -- Up-to-date: /home/ubuntu/ros2_ws/pico_ros/install/teleop_joy/share/teleop_joy/package.xml
[0.152s] Invoked command in '/home/ubuntu/ros2_ws/pico_ros/build/teleop_joy' returned '0': CMAKE_PREFIX_PATH=${CMAKE_PREFIX_PATH}:/opt/ros/humble /usr/bin/cmake --install /home/ubuntu/ros2_ws/pico_ros/build/teleop_joy
