[0.349s] DEBUG:colcon:Command line arguments: ['/usr/bin/colcon', 'build']
[0.349s] DEBUG:colcon:Parsed command line arguments: Namespace(log_base=None, log_level=None, verb_name='build', build_base='build', install_base='install', merge_install=False, symlink_install=False, test_result_base=None, continue_on_error=False, executor='parallel', parallel_workers=4, event_handlers=None, ignore_user_meta=False, metas=['./colcon.meta'], base_paths=['.'], packages_ignore=None, packages_ignore_regex=None, paths=None, packages_up_to=None, packages_up_to_regex=None, packages_above=None, packages_above_and_dependencies=None, packages_above_depth=None, packages_select_by_dep=None, packages_skip_by_dep=None, packages_skip_up_to=None, packages_select_build_failed=False, packages_skip_build_finished=False, packages_select_test_failures=False, packages_skip_test_passed=False, packages_select=None, packages_skip=None, packages_select_regex=None, packages_skip_regex=None, packages_start=None, packages_end=None, allow_overriding=[], cmake_args=None, cmake_target=None, cmake_target_skip_unavailable=False, cmake_clean_cache=False, cmake_clean_first=False, cmake_force_configure=False, ament_cmake_args=None, catkin_cmake_args=None, catkin_skip_building_tests=False, verb_parser=<colcon_defaults.argument_parser.defaults.DefaultArgumentsDecorator object at 0x7fb742cf56f0>, verb_extension=<colcon_core.verb.build.BuildVerb object at 0x7fb7436394e0>, main=<bound method BuildVerb.main of <colcon_core.verb.build.BuildVerb object at 0x7fb7436394e0>>)
[0.374s] Level 1:colcon.colcon_core.package_discovery:discover_packages(colcon_meta) check parameters
[0.374s] Level 1:colcon.colcon_core.package_discovery:discover_packages(recursive) check parameters
[0.374s] Level 1:colcon.colcon_core.package_discovery:discover_packages(ignore) check parameters
[0.375s] Level 1:colcon.colcon_core.package_discovery:discover_packages(path) check parameters
[0.375s] Level 1:colcon.colcon_core.package_discovery:discover_packages(colcon_meta) discover
[0.375s] Level 1:colcon.colcon_core.package_discovery:discover_packages(recursive) discover
[0.375s] INFO:colcon.colcon_core.package_discovery:Crawling recursively for packages in '/home/ubuntu/ros2_ws/pico_ros'
[0.375s] Level 1:colcon.colcon_core.package_identification:_identify(.) by extensions ['ignore', 'ignore_ament_install']
[0.375s] Level 1:colcon.colcon_core.package_identification:_identify(.) by extension 'ignore'
[0.375s] Level 1:colcon.colcon_core.package_identification:_identify(.) by extension 'ignore_ament_install'
[0.375s] Level 1:colcon.colcon_core.package_identification:_identify(.) by extensions ['colcon_pkg']
[0.375s] Level 1:colcon.colcon_core.package_identification:_identify(.) by extension 'colcon_pkg'
[0.375s] Level 1:colcon.colcon_core.package_identification:_identify(.) by extensions ['colcon_meta']
[0.375s] Level 1:colcon.colcon_core.package_identification:_identify(.) by extension 'colcon_meta'
[0.375s] Level 1:colcon.colcon_core.package_identification:_identify(.) by extensions ['ros']
[0.375s] Level 1:colcon.colcon_core.package_identification:_identify(.) by extension 'ros'
[0.402s] Level 1:colcon.colcon_core.package_identification:_identify(.) by extensions ['cmake', 'python']
[0.402s] Level 1:colcon.colcon_core.package_identification:_identify(.) by extension 'cmake'
[0.402s] Level 1:colcon.colcon_core.package_identification:_identify(.) by extension 'python'
[0.402s] Level 1:colcon.colcon_core.package_identification:_identify(.) by extensions ['python_setup_py']
[0.402s] Level 1:colcon.colcon_core.package_identification:_identify(.) by extension 'python_setup_py'
[0.403s] Level 1:colcon.colcon_core.package_identification:_identify(build) by extensions ['ignore', 'ignore_ament_install']
[0.403s] Level 1:colcon.colcon_core.package_identification:_identify(build) by extension 'ignore'
[0.403s] Level 1:colcon.colcon_core.package_identification:_identify(build) ignored
[0.403s] Level 1:colcon.colcon_core.package_identification:_identify(install) by extensions ['ignore', 'ignore_ament_install']
[0.403s] Level 1:colcon.colcon_core.package_identification:_identify(install) by extension 'ignore'
[0.403s] Level 1:colcon.colcon_core.package_identification:_identify(install) ignored
[0.403s] Level 1:colcon.colcon_core.package_identification:_identify(log) by extensions ['ignore', 'ignore_ament_install']
[0.403s] Level 1:colcon.colcon_core.package_identification:_identify(log) by extension 'ignore'
[0.403s] Level 1:colcon.colcon_core.package_identification:_identify(log) ignored
[0.403s] Level 1:colcon.colcon_core.package_identification:_identify(pico_description) by extensions ['ignore', 'ignore_ament_install']
[0.404s] Level 1:colcon.colcon_core.package_identification:_identify(pico_description) by extension 'ignore'
[0.404s] Level 1:colcon.colcon_core.package_identification:_identify(pico_description) by extension 'ignore_ament_install'
[0.404s] Level 1:colcon.colcon_core.package_identification:_identify(pico_description) by extensions ['colcon_pkg']
[0.404s] Level 1:colcon.colcon_core.package_identification:_identify(pico_description) by extension 'colcon_pkg'
[0.404s] Level 1:colcon.colcon_core.package_identification:_identify(pico_description) by extensions ['colcon_meta']
[0.404s] Level 1:colcon.colcon_core.package_identification:_identify(pico_description) by extension 'colcon_meta'
[0.404s] Level 1:colcon.colcon_core.package_identification:_identify(pico_description) by extensions ['ros']
[0.404s] Level 1:colcon.colcon_core.package_identification:_identify(pico_description) by extension 'ros'
[0.407s] DEBUG:colcon.colcon_core.package_identification:Package 'pico_description' with type 'ros.ament_cmake' and name 'pico_description'
[0.407s] Level 1:colcon.colcon_core.package_identification:_identify(teleop_joy) by extensions ['ignore', 'ignore_ament_install']
[0.408s] Level 1:colcon.colcon_core.package_identification:_identify(teleop_joy) by extension 'ignore'
[0.408s] Level 1:colcon.colcon_core.package_identification:_identify(teleop_joy) by extension 'ignore_ament_install'
[0.408s] Level 1:colcon.colcon_core.package_identification:_identify(teleop_joy) by extensions ['colcon_pkg']
[0.408s] Level 1:colcon.colcon_core.package_identification:_identify(teleop_joy) by extension 'colcon_pkg'
[0.408s] Level 1:colcon.colcon_core.package_identification:_identify(teleop_joy) by extensions ['colcon_meta']
[0.408s] Level 1:colcon.colcon_core.package_identification:_identify(teleop_joy) by extension 'colcon_meta'
[0.408s] Level 1:colcon.colcon_core.package_identification:_identify(teleop_joy) by extensions ['ros']
[0.408s] Level 1:colcon.colcon_core.package_identification:_identify(teleop_joy) by extension 'ros'
[0.409s] DEBUG:colcon.colcon_core.package_identification:Package 'teleop_joy' with type 'ros.ament_cmake' and name 'teleop_joy'
[0.409s] Level 1:colcon.colcon_core.package_discovery:discover_packages(recursive) using defaults
[0.409s] Level 1:colcon.colcon_core.package_discovery:discover_packages(ignore) discover
[0.409s] Level 1:colcon.colcon_core.package_discovery:discover_packages(ignore) using defaults
[0.409s] Level 1:colcon.colcon_core.package_discovery:discover_packages(path) discover
[0.409s] Level 1:colcon.colcon_core.package_discovery:discover_packages(path) using defaults
[0.437s] Level 1:colcon.colcon_core.package_discovery:discover_packages(prefix_path) check parameters
[0.438s] Level 1:colcon.colcon_core.package_discovery:discover_packages(prefix_path) discover
[0.441s] DEBUG:colcon.colcon_installed_package_information.package_discovery:Found 7 installed packages in /home/ubuntu/ros2_ws/install
[0.443s] DEBUG:colcon.colcon_installed_package_information.package_discovery:Found 276 installed packages in /opt/ros/humble
[0.445s] Level 1:colcon.colcon_core.package_discovery:discover_packages(prefix_path) using defaults
[0.520s] Level 5:colcon.colcon_core.verb:set package 'pico_description' build argument 'cmake_args' from command line to 'None'
[0.520s] Level 5:colcon.colcon_core.verb:set package 'pico_description' build argument 'cmake_target' from command line to 'None'
[0.520s] Level 5:colcon.colcon_core.verb:set package 'pico_description' build argument 'cmake_target_skip_unavailable' from command line to 'False'
[0.520s] Level 5:colcon.colcon_core.verb:set package 'pico_description' build argument 'cmake_clean_cache' from command line to 'False'
[0.520s] Level 5:colcon.colcon_core.verb:set package 'pico_description' build argument 'cmake_clean_first' from command line to 'False'
[0.520s] Level 5:colcon.colcon_core.verb:set package 'pico_description' build argument 'cmake_force_configure' from command line to 'False'
[0.520s] Level 5:colcon.colcon_core.verb:set package 'pico_description' build argument 'ament_cmake_args' from command line to 'None'
[0.520s] Level 5:colcon.colcon_core.verb:set package 'pico_description' build argument 'catkin_cmake_args' from command line to 'None'
[0.520s] Level 5:colcon.colcon_core.verb:set package 'pico_description' build argument 'catkin_skip_building_tests' from command line to 'False'
[0.520s] DEBUG:colcon.colcon_core.verb:Building package 'pico_description' with the following arguments: {'ament_cmake_args': None, 'build_base': '/home/ubuntu/ros2_ws/pico_ros/build/pico_description', 'catkin_cmake_args': None, 'catkin_skip_building_tests': False, 'cmake_args': None, 'cmake_clean_cache': False, 'cmake_clean_first': False, 'cmake_force_configure': False, 'cmake_target': None, 'cmake_target_skip_unavailable': False, 'install_base': '/home/ubuntu/ros2_ws/pico_ros/install/pico_description', 'merge_install': False, 'path': '/home/ubuntu/ros2_ws/pico_ros/pico_description', 'symlink_install': False, 'test_result_base': None}
[0.521s] Level 5:colcon.colcon_core.verb:set package 'teleop_joy' build argument 'cmake_args' from command line to 'None'
[0.521s] Level 5:colcon.colcon_core.verb:set package 'teleop_joy' build argument 'cmake_target' from command line to 'None'
[0.522s] Level 5:colcon.colcon_core.verb:set package 'teleop_joy' build argument 'cmake_target_skip_unavailable' from command line to 'False'
[0.522s] Level 5:colcon.colcon_core.verb:set package 'teleop_joy' build argument 'cmake_clean_cache' from command line to 'False'
[0.522s] Level 5:colcon.colcon_core.verb:set package 'teleop_joy' build argument 'cmake_clean_first' from command line to 'False'
[0.522s] Level 5:colcon.colcon_core.verb:set package 'teleop_joy' build argument 'cmake_force_configure' from command line to 'False'
[0.522s] Level 5:colcon.colcon_core.verb:set package 'teleop_joy' build argument 'ament_cmake_args' from command line to 'None'
[0.522s] Level 5:colcon.colcon_core.verb:set package 'teleop_joy' build argument 'catkin_cmake_args' from command line to 'None'
[0.522s] Level 5:colcon.colcon_core.verb:set package 'teleop_joy' build argument 'catkin_skip_building_tests' from command line to 'False'
[0.522s] DEBUG:colcon.colcon_core.verb:Building package 'teleop_joy' with the following arguments: {'ament_cmake_args': None, 'build_base': '/home/ubuntu/ros2_ws/pico_ros/build/teleop_joy', 'catkin_cmake_args': None, 'catkin_skip_building_tests': False, 'cmake_args': None, 'cmake_clean_cache': False, 'cmake_clean_first': False, 'cmake_force_configure': False, 'cmake_target': None, 'cmake_target_skip_unavailable': False, 'install_base': '/home/ubuntu/ros2_ws/pico_ros/install/teleop_joy', 'merge_install': False, 'path': '/home/ubuntu/ros2_ws/pico_ros/teleop_joy', 'symlink_install': False, 'test_result_base': None}
[0.522s] INFO:colcon.colcon_core.executor:Executing jobs using 'parallel' executor
[0.527s] DEBUG:colcon.colcon_parallel_executor.executor.parallel:run_until_complete
[0.528s] INFO:colcon.colcon_ros.task.ament_cmake.build:Building ROS package in '/home/ubuntu/ros2_ws/pico_ros/pico_description' with build type 'ament_cmake'
[0.528s] INFO:colcon.colcon_cmake.task.cmake.build:Building CMake package in '/home/ubuntu/ros2_ws/pico_ros/pico_description'
[0.533s] INFO:colcon.colcon_core.plugin_system:Skipping extension 'colcon_core.shell.bat': Not used on non-Windows systems
[0.534s] INFO:colcon.colcon_core.shell:Skip shell extension 'powershell' for command environment: Not usable outside of PowerShell
[0.534s] DEBUG:colcon.colcon_core.shell:Skip shell extension 'dsv' for command environment
[0.539s] INFO:colcon.colcon_ros.task.ament_cmake.build:Building ROS package in '/home/ubuntu/ros2_ws/pico_ros/teleop_joy' with build type 'ament_cmake'
[0.539s] INFO:colcon.colcon_cmake.task.cmake.build:Building CMake package in '/home/ubuntu/ros2_ws/pico_ros/teleop_joy'
[0.541s] INFO:colcon.colcon_core.shell:Skip shell extension 'powershell' for command environment: Not usable outside of PowerShell
[0.541s] DEBUG:colcon.colcon_core.shell:Skip shell extension 'dsv' for command environment
[0.552s] DEBUG:colcon.colcon_core.event_handler.log_command:Invoking command in '/home/ubuntu/ros2_ws/pico_ros/build/pico_description': CMAKE_PREFIX_PATH=${CMAKE_PREFIX_PATH}:/opt/ros/humble /usr/bin/cmake /home/ubuntu/ros2_ws/pico_ros/pico_description -DCMAKE_INSTALL_PREFIX=/home/ubuntu/ros2_ws/pico_ros/install/pico_description
[0.556s] DEBUG:colcon.colcon_core.event_handler.log_command:Invoking command in '/home/ubuntu/ros2_ws/pico_ros/build/teleop_joy': CMAKE_PREFIX_PATH=${CMAKE_PREFIX_PATH}:/opt/ros/humble /usr/bin/cmake /home/ubuntu/ros2_ws/pico_ros/teleop_joy -DCMAKE_INSTALL_PREFIX=/home/ubuntu/ros2_ws/pico_ros/install/teleop_joy
[2.910s] DEBUG:colcon.colcon_core.event_handler.log_command:Invoked command in '/home/ubuntu/ros2_ws/pico_ros/build/teleop_joy' returned '0': CMAKE_PREFIX_PATH=${CMAKE_PREFIX_PATH}:/opt/ros/humble /usr/bin/cmake /home/ubuntu/ros2_ws/pico_ros/teleop_joy -DCMAKE_INSTALL_PREFIX=/home/ubuntu/ros2_ws/pico_ros/install/teleop_joy
[2.913s] DEBUG:colcon.colcon_core.event_handler.log_command:Invoking command in '/home/ubuntu/ros2_ws/pico_ros/build/teleop_joy': CMAKE_PREFIX_PATH=${CMAKE_PREFIX_PATH}:/opt/ros/humble /usr/bin/cmake --build /home/ubuntu/ros2_ws/pico_ros/build/teleop_joy -- -j4 -l4
[4.392s] DEBUG:colcon.colcon_core.event_handler.log_command:Invoked command in '/home/ubuntu/ros2_ws/pico_ros/build/pico_description' returned '0': CMAKE_PREFIX_PATH=${CMAKE_PREFIX_PATH}:/opt/ros/humble /usr/bin/cmake /home/ubuntu/ros2_ws/pico_ros/pico_description -DCMAKE_INSTALL_PREFIX=/home/ubuntu/ros2_ws/pico_ros/install/pico_description
[4.394s] DEBUG:colcon.colcon_core.event_handler.log_command:Invoking command in '/home/ubuntu/ros2_ws/pico_ros/build/pico_description': CMAKE_PREFIX_PATH=${CMAKE_PREFIX_PATH}:/opt/ros/humble /usr/bin/cmake --build /home/ubuntu/ros2_ws/pico_ros/build/pico_description -- -j4 -l4
[4.439s] DEBUG:colcon.colcon_core.event_handler.log_command:Invoked command in '/home/ubuntu/ros2_ws/pico_ros/build/pico_description' returned '0': CMAKE_PREFIX_PATH=${CMAKE_PREFIX_PATH}:/opt/ros/humble /usr/bin/cmake --build /home/ubuntu/ros2_ws/pico_ros/build/pico_description -- -j4 -l4
[4.481s] DEBUG:colcon.colcon_core.event_handler.log_command:Invoking command in '/home/ubuntu/ros2_ws/pico_ros/build/pico_description': CMAKE_PREFIX_PATH=${CMAKE_PREFIX_PATH}:/opt/ros/humble /usr/bin/cmake --install /home/ubuntu/ros2_ws/pico_ros/build/pico_description
[4.502s] Level 1:colcon.colcon_core.environment:create_environment_scripts_only(pico_description)
[4.503s] DEBUG:colcon.colcon_core.event_handler.log_command:Invoked command in '/home/ubuntu/ros2_ws/pico_ros/build/pico_description' returned '0': CMAKE_PREFIX_PATH=${CMAKE_PREFIX_PATH}:/opt/ros/humble /usr/bin/cmake --install /home/ubuntu/ros2_ws/pico_ros/build/pico_description
[4.508s] Level 1:colcon.colcon_core.environment:checking '/home/ubuntu/ros2_ws/pico_ros/install/pico_description' for CMake module files
[4.509s] Level 1:colcon.colcon_core.environment:checking '/home/ubuntu/ros2_ws/pico_ros/install/pico_description' for CMake config files
[4.509s] Level 1:colcon.colcon_core.shell:create_environment_hook('pico_description', 'cmake_prefix_path')
[4.511s] INFO:colcon.colcon_core.shell:Creating environment hook '/home/ubuntu/ros2_ws/pico_ros/install/pico_description/share/pico_description/hook/cmake_prefix_path.ps1'
[4.511s] INFO:colcon.colcon_core.shell:Creating environment descriptor '/home/ubuntu/ros2_ws/pico_ros/install/pico_description/share/pico_description/hook/cmake_prefix_path.dsv'
[4.512s] INFO:colcon.colcon_core.shell:Creating environment hook '/home/ubuntu/ros2_ws/pico_ros/install/pico_description/share/pico_description/hook/cmake_prefix_path.sh'
[4.513s] Level 1:colcon.colcon_core.environment:checking '/home/ubuntu/ros2_ws/pico_ros/install/pico_description/bin'
[4.513s] Level 1:colcon.colcon_core.environment:checking '/home/ubuntu/ros2_ws/pico_ros/install/pico_description/lib/pkgconfig/pico_description.pc'
[4.513s] Level 1:colcon.colcon_core.environment:checking '/home/ubuntu/ros2_ws/pico_ros/install/pico_description/lib/python3.10/site-packages'
[4.514s] Level 1:colcon.colcon_core.environment:checking '/home/ubuntu/ros2_ws/pico_ros/install/pico_description/bin'
[4.515s] INFO:colcon.colcon_core.shell:Creating package script '/home/ubuntu/ros2_ws/pico_ros/install/pico_description/share/pico_description/package.ps1'
[4.516s] INFO:colcon.colcon_core.shell:Creating package descriptor '/home/ubuntu/ros2_ws/pico_ros/install/pico_description/share/pico_description/package.dsv'
[4.517s] INFO:colcon.colcon_core.shell:Creating package script '/home/ubuntu/ros2_ws/pico_ros/install/pico_description/share/pico_description/package.sh'
[4.518s] INFO:colcon.colcon_core.shell:Creating package script '/home/ubuntu/ros2_ws/pico_ros/install/pico_description/share/pico_description/package.bash'
[4.518s] INFO:colcon.colcon_core.shell:Creating package script '/home/ubuntu/ros2_ws/pico_ros/install/pico_description/share/pico_description/package.zsh'
[4.519s] Level 1:colcon.colcon_core.environment:create_file_with_runtime_dependencies(/home/ubuntu/ros2_ws/pico_ros/install/pico_description/share/colcon-core/packages/pico_description)
[4.545s] Level 1:colcon.colcon_core.environment:create_environment_scripts_only(pico_description)
[4.548s] Level 1:colcon.colcon_core.environment:checking '/home/ubuntu/ros2_ws/pico_ros/install/pico_description' for CMake module files
[4.549s] Level 1:colcon.colcon_core.environment:checking '/home/ubuntu/ros2_ws/pico_ros/install/pico_description' for CMake config files
[4.549s] Level 1:colcon.colcon_core.shell:create_environment_hook('pico_description', 'cmake_prefix_path')
[4.551s] INFO:colcon.colcon_core.shell:Creating environment hook '/home/ubuntu/ros2_ws/pico_ros/install/pico_description/share/pico_description/hook/cmake_prefix_path.ps1'
[4.551s] INFO:colcon.colcon_core.shell:Creating environment descriptor '/home/ubuntu/ros2_ws/pico_ros/install/pico_description/share/pico_description/hook/cmake_prefix_path.dsv'
[4.552s] INFO:colcon.colcon_core.shell:Creating environment hook '/home/ubuntu/ros2_ws/pico_ros/install/pico_description/share/pico_description/hook/cmake_prefix_path.sh'
[4.552s] Level 1:colcon.colcon_core.environment:checking '/home/ubuntu/ros2_ws/pico_ros/install/pico_description/bin'
[4.553s] Level 1:colcon.colcon_core.environment:checking '/home/ubuntu/ros2_ws/pico_ros/install/pico_description/lib/pkgconfig/pico_description.pc'
[4.553s] Level 1:colcon.colcon_core.environment:checking '/home/ubuntu/ros2_ws/pico_ros/install/pico_description/lib/python3.10/site-packages'
[4.553s] Level 1:colcon.colcon_core.environment:checking '/home/ubuntu/ros2_ws/pico_ros/install/pico_description/bin'
[4.555s] INFO:colcon.colcon_core.shell:Creating package script '/home/ubuntu/ros2_ws/pico_ros/install/pico_description/share/pico_description/package.ps1'
[4.556s] INFO:colcon.colcon_core.shell:Creating package descriptor '/home/ubuntu/ros2_ws/pico_ros/install/pico_description/share/pico_description/package.dsv'
[4.556s] INFO:colcon.colcon_core.shell:Creating package script '/home/ubuntu/ros2_ws/pico_ros/install/pico_description/share/pico_description/package.sh'
[4.557s] INFO:colcon.colcon_core.shell:Creating package script '/home/ubuntu/ros2_ws/pico_ros/install/pico_description/share/pico_description/package.bash'
[4.557s] INFO:colcon.colcon_core.shell:Creating package script '/home/ubuntu/ros2_ws/pico_ros/install/pico_description/share/pico_description/package.zsh'
[4.558s] Level 1:colcon.colcon_core.environment:create_file_with_runtime_dependencies(/home/ubuntu/ros2_ws/pico_ros/install/pico_description/share/colcon-core/packages/pico_description)
[15.077s] DEBUG:colcon.colcon_core.event_handler.log_command:Invoked command in '/home/ubuntu/ros2_ws/pico_ros/build/teleop_joy' returned '0': CMAKE_PREFIX_PATH=${CMAKE_PREFIX_PATH}:/opt/ros/humble /usr/bin/cmake --build /home/ubuntu/ros2_ws/pico_ros/build/teleop_joy -- -j4 -l4
[15.106s] DEBUG:colcon.colcon_core.event_handler.log_command:Invoking command in '/home/ubuntu/ros2_ws/pico_ros/build/teleop_joy': CMAKE_PREFIX_PATH=${CMAKE_PREFIX_PATH}:/opt/ros/humble /usr/bin/cmake --install /home/ubuntu/ros2_ws/pico_ros/build/teleop_joy
[15.120s] Level 1:colcon.colcon_core.environment:create_environment_scripts_only(teleop_joy)
[15.123s] Level 1:colcon.colcon_core.environment:checking '/home/ubuntu/ros2_ws/pico_ros/install/teleop_joy' for CMake module files
[15.123s] DEBUG:colcon.colcon_core.event_handler.log_command:Invoked command in '/home/ubuntu/ros2_ws/pico_ros/build/teleop_joy' returned '0': CMAKE_PREFIX_PATH=${CMAKE_PREFIX_PATH}:/opt/ros/humble /usr/bin/cmake --install /home/ubuntu/ros2_ws/pico_ros/build/teleop_joy
[15.124s] Level 1:colcon.colcon_core.environment:checking '/home/ubuntu/ros2_ws/pico_ros/install/teleop_joy' for CMake config files
[15.124s] Level 1:colcon.colcon_core.shell:create_environment_hook('teleop_joy', 'cmake_prefix_path')
[15.126s] INFO:colcon.colcon_core.shell:Creating environment hook '/home/ubuntu/ros2_ws/pico_ros/install/teleop_joy/share/teleop_joy/hook/cmake_prefix_path.ps1'
[15.126s] INFO:colcon.colcon_core.shell:Creating environment descriptor '/home/ubuntu/ros2_ws/pico_ros/install/teleop_joy/share/teleop_joy/hook/cmake_prefix_path.dsv'
[15.126s] INFO:colcon.colcon_core.shell:Creating environment hook '/home/ubuntu/ros2_ws/pico_ros/install/teleop_joy/share/teleop_joy/hook/cmake_prefix_path.sh'
[15.127s] Level 1:colcon.colcon_core.environment:checking '/home/ubuntu/ros2_ws/pico_ros/install/teleop_joy/lib'
[15.127s] Level 1:colcon.colcon_core.environment:checking '/home/ubuntu/ros2_ws/pico_ros/install/teleop_joy/bin'
[15.127s] Level 1:colcon.colcon_core.environment:checking '/home/ubuntu/ros2_ws/pico_ros/install/teleop_joy/lib/pkgconfig/teleop_joy.pc'
[15.128s] Level 1:colcon.colcon_core.environment:checking '/home/ubuntu/ros2_ws/pico_ros/install/teleop_joy/lib/python3.10/site-packages'
[15.128s] Level 1:colcon.colcon_core.environment:checking '/home/ubuntu/ros2_ws/pico_ros/install/teleop_joy/bin'
[15.129s] INFO:colcon.colcon_core.shell:Creating package script '/home/ubuntu/ros2_ws/pico_ros/install/teleop_joy/share/teleop_joy/package.ps1'
[15.130s] INFO:colcon.colcon_core.shell:Creating package descriptor '/home/ubuntu/ros2_ws/pico_ros/install/teleop_joy/share/teleop_joy/package.dsv'
[15.130s] INFO:colcon.colcon_core.shell:Creating package script '/home/ubuntu/ros2_ws/pico_ros/install/teleop_joy/share/teleop_joy/package.sh'
[15.131s] INFO:colcon.colcon_core.shell:Creating package script '/home/ubuntu/ros2_ws/pico_ros/install/teleop_joy/share/teleop_joy/package.bash'
[15.131s] INFO:colcon.colcon_core.shell:Creating package script '/home/ubuntu/ros2_ws/pico_ros/install/teleop_joy/share/teleop_joy/package.zsh'
[15.131s] Level 1:colcon.colcon_core.environment:create_file_with_runtime_dependencies(/home/ubuntu/ros2_ws/pico_ros/install/teleop_joy/share/colcon-core/packages/teleop_joy)
[15.158s] Level 1:colcon.colcon_core.environment:create_environment_scripts_only(teleop_joy)
[15.160s] Level 1:colcon.colcon_core.environment:checking '/home/ubuntu/ros2_ws/pico_ros/install/teleop_joy' for CMake module files
[15.161s] Level 1:colcon.colcon_core.environment:checking '/home/ubuntu/ros2_ws/pico_ros/install/teleop_joy' for CMake config files
[15.161s] Level 1:colcon.colcon_core.shell:create_environment_hook('teleop_joy', 'cmake_prefix_path')
[15.162s] INFO:colcon.colcon_core.shell:Creating environment hook '/home/ubuntu/ros2_ws/pico_ros/install/teleop_joy/share/teleop_joy/hook/cmake_prefix_path.ps1'
[15.163s] INFO:colcon.colcon_core.shell:Creating environment descriptor '/home/ubuntu/ros2_ws/pico_ros/install/teleop_joy/share/teleop_joy/hook/cmake_prefix_path.dsv'
[15.163s] INFO:colcon.colcon_core.shell:Creating environment hook '/home/ubuntu/ros2_ws/pico_ros/install/teleop_joy/share/teleop_joy/hook/cmake_prefix_path.sh'
[15.164s] Level 1:colcon.colcon_core.environment:checking '/home/ubuntu/ros2_ws/pico_ros/install/teleop_joy/lib'
[15.164s] Level 1:colcon.colcon_core.environment:checking '/home/ubuntu/ros2_ws/pico_ros/install/teleop_joy/bin'
[15.164s] Level 1:colcon.colcon_core.environment:checking '/home/ubuntu/ros2_ws/pico_ros/install/teleop_joy/lib/pkgconfig/teleop_joy.pc'
[15.164s] Level 1:colcon.colcon_core.environment:checking '/home/ubuntu/ros2_ws/pico_ros/install/teleop_joy/lib/python3.10/site-packages'
[15.165s] Level 1:colcon.colcon_core.environment:checking '/home/ubuntu/ros2_ws/pico_ros/install/teleop_joy/bin'
[15.166s] INFO:colcon.colcon_core.shell:Creating package script '/home/ubuntu/ros2_ws/pico_ros/install/teleop_joy/share/teleop_joy/package.ps1'
[15.167s] INFO:colcon.colcon_core.shell:Creating package descriptor '/home/ubuntu/ros2_ws/pico_ros/install/teleop_joy/share/teleop_joy/package.dsv'
[15.167s] INFO:colcon.colcon_core.shell:Creating package script '/home/ubuntu/ros2_ws/pico_ros/install/teleop_joy/share/teleop_joy/package.sh'
[15.167s] INFO:colcon.colcon_core.shell:Creating package script '/home/ubuntu/ros2_ws/pico_ros/install/teleop_joy/share/teleop_joy/package.bash'
[15.168s] INFO:colcon.colcon_core.shell:Creating package script '/home/ubuntu/ros2_ws/pico_ros/install/teleop_joy/share/teleop_joy/package.zsh'
[15.168s] Level 1:colcon.colcon_core.environment:create_file_with_runtime_dependencies(/home/ubuntu/ros2_ws/pico_ros/install/teleop_joy/share/colcon-core/packages/teleop_joy)
[15.169s] DEBUG:colcon.colcon_parallel_executor.executor.parallel:closing loop
[15.169s] DEBUG:colcon.colcon_parallel_executor.executor.parallel:loop closed
[15.169s] DEBUG:colcon.colcon_parallel_executor.executor.parallel:run_until_complete finished with '0'
[15.169s] DEBUG:colcon.colcon_core.event_reactor:joining thread
[15.177s] INFO:colcon.colcon_core.plugin_system:Skipping extension 'colcon_notification.desktop_notification.terminal_notifier': Not used on non-Darwin systems
[15.177s] INFO:colcon.colcon_core.plugin_system:Skipping extension 'colcon_notification.desktop_notification.win32': Not used on non-Windows systems
[15.177s] INFO:colcon.colcon_notification.desktop_notification:Sending desktop notification using 'notify2'
[15.191s] DEBUG:colcon.colcon_core.event_reactor:joined thread
[15.193s] INFO:colcon.colcon_core.shell:Creating prefix script '/home/ubuntu/ros2_ws/pico_ros/install/local_setup.ps1'
[15.194s] INFO:colcon.colcon_core.shell:Creating prefix util module '/home/ubuntu/ros2_ws/pico_ros/install/_local_setup_util_ps1.py'
[15.196s] INFO:colcon.colcon_core.shell:Creating prefix chain script '/home/ubuntu/ros2_ws/pico_ros/install/setup.ps1'
[15.198s] INFO:colcon.colcon_core.shell:Creating prefix script '/home/ubuntu/ros2_ws/pico_ros/install/local_setup.sh'
[15.198s] INFO:colcon.colcon_core.shell:Creating prefix util module '/home/ubuntu/ros2_ws/pico_ros/install/_local_setup_util_sh.py'
[15.199s] INFO:colcon.colcon_core.shell:Creating prefix chain script '/home/ubuntu/ros2_ws/pico_ros/install/setup.sh'
[15.200s] INFO:colcon.colcon_core.shell:Creating prefix script '/home/ubuntu/ros2_ws/pico_ros/install/local_setup.bash'
[15.201s] INFO:colcon.colcon_core.shell:Creating prefix chain script '/home/ubuntu/ros2_ws/pico_ros/install/setup.bash'
[15.203s] INFO:colcon.colcon_core.shell:Creating prefix script '/home/ubuntu/ros2_ws/pico_ros/install/local_setup.zsh'
[15.203s] INFO:colcon.colcon_core.shell:Creating prefix chain script '/home/ubuntu/ros2_ws/pico_ros/install/setup.zsh'
