-- Install configuration: ""
-- Up-to-date: /home/ubuntu/ros2_ws/pico_ros/install/pico_description/share/pico_description/launch
-- Up-to-date: /home/ubuntu/ros2_ws/pico_ros/install/pico_description/share/pico_description/launch/._display.launch
-- Installing: /home/ubuntu/ros2_ws/pico_ros/install/pico_description/share/pico_description/launch/tf_move.launch.py
-- Up-to-date: /home/ubuntu/ros2_ws/pico_ros/install/pico_description/share/pico_description/launch/._gazebo.launch
-- Up-to-date: /home/ubuntu/ros2_ws/pico_ros/install/pico_description/share/pico_description/launch/._controller.launch
-- Up-to-date: /home/ubuntu/ros2_ws/pico_ros/install/pico_description/share/pico_description/launch/._controller.yaml
-- Up-to-date: /home/ubuntu/ros2_ws/pico_ros/install/pico_description/share/pico_description/launch/display.launch.py
-- Up-to-date: /home/ubuntu/ros2_ws/pico_ros/install/pico_description/share/pico_description/launch/__pycache__
-- Up-to-date: /home/ubuntu/ros2_ws/pico_ros/install/pico_description/share/pico_description/launch/__pycache__/display.launch.cpython-310.pyc
-- Up-to-date: /home/ubuntu/ros2_ws/pico_ros/install/pico_description/share/pico_description/launch/._urdf.rviz
-- Up-to-date: /home/ubuntu/ros2_ws/pico_ros/install/pico_description/share/pico_description/meshes
-- Up-to-date: /home/ubuntu/ros2_ws/pico_ros/install/pico_description/share/pico_description/meshes/._44mm_wheel_v1_1.stl
-- Up-to-date: /home/ubuntu/ros2_ws/pico_ros/install/pico_description/share/pico_description/meshes/._base_link.stl
-- Up-to-date: /home/ubuntu/ros2_ws/pico_ros/install/pico_description/share/pico_description/meshes/left_wheel_link.stl
-- Up-to-date: /home/ubuntu/ros2_ws/pico_ros/install/pico_description/share/pico_description/meshes/right_wheel_link.stl
-- Up-to-date: /home/ubuntu/ros2_ws/pico_ros/install/pico_description/share/pico_description/meshes/._44mm_wheel_v1__1__1.stl
-- Up-to-date: /home/ubuntu/ros2_ws/pico_ros/install/pico_description/share/pico_description/meshes/base_link.stl
-- Up-to-date: /home/ubuntu/ros2_ws/pico_ros/install/pico_description/share/pico_description/urdf
-- Up-to-date: /home/ubuntu/ros2_ws/pico_ros/install/pico_description/share/pico_description/urdf/._materials.xacro
-- Up-to-date: /home/ubuntu/ros2_ws/pico_ros/install/pico_description/share/pico_description/urdf/._flame.xacro
-- Up-to-date: /home/ubuntu/ros2_ws/pico_ros/install/pico_description/share/pico_description/urdf/pico.trans
-- Up-to-date: /home/ubuntu/ros2_ws/pico_ros/install/pico_description/share/pico_description/urdf/org
-- Up-to-date: /home/ubuntu/ros2_ws/pico_ros/install/pico_description/share/pico_description/urdf/org/assembl.urdf
-- Up-to-date: /home/ubuntu/ros2_ws/pico_ros/install/pico_description/share/pico_description/urdf/org/wheel.urdf.xacro
-- Up-to-date: /home/ubuntu/ros2_ws/pico_ros/install/pico_description/share/pico_description/urdf/org/robot.urdf.xacro
-- Up-to-date: /home/ubuntu/ros2_ws/pico_ros/install/pico_description/share/pico_description/urdf/org/body.urdf.xacro
-- Up-to-date: /home/ubuntu/ros2_ws/pico_ros/install/pico_description/share/pico_description/urdf/org/assembly.urdf
-- Up-to-date: /home/ubuntu/ros2_ws/pico_ros/install/pico_description/share/pico_description/urdf/materials.xacro
-- Up-to-date: /home/ubuntu/ros2_ws/pico_ros/install/pico_description/share/pico_description/urdf/._flame.gazebo
-- Up-to-date: /home/ubuntu/ros2_ws/pico_ros/install/pico_description/share/pico_description/urdf/._flame.trans
-- Up-to-date: /home/ubuntu/ros2_ws/pico_ros/install/pico_description/share/pico_description/urdf/pico.xacro
-- Up-to-date: /home/ubuntu/ros2_ws/pico_ros/install/pico_description/share/ament_index/resource_index/package_run_dependencies/pico_description
-- Up-to-date: /home/ubuntu/ros2_ws/pico_ros/install/pico_description/share/ament_index/resource_index/parent_prefix_path/pico_description
-- Up-to-date: /home/ubuntu/ros2_ws/pico_ros/install/pico_description/share/pico_description/environment/ament_prefix_path.sh
-- Up-to-date: /home/ubuntu/ros2_ws/pico_ros/install/pico_description/share/pico_description/environment/ament_prefix_path.dsv
-- Up-to-date: /home/ubuntu/ros2_ws/pico_ros/install/pico_description/share/pico_description/environment/path.sh
-- Up-to-date: /home/ubuntu/ros2_ws/pico_ros/install/pico_description/share/pico_description/environment/path.dsv
-- Up-to-date: /home/ubuntu/ros2_ws/pico_ros/install/pico_description/share/pico_description/local_setup.bash
-- Up-to-date: /home/ubuntu/ros2_ws/pico_ros/install/pico_description/share/pico_description/local_setup.sh
-- Up-to-date: /home/ubuntu/ros2_ws/pico_ros/install/pico_description/share/pico_description/local_setup.zsh
-- Up-to-date: /home/ubuntu/ros2_ws/pico_ros/install/pico_description/share/pico_description/local_setup.dsv
-- Up-to-date: /home/ubuntu/ros2_ws/pico_ros/install/pico_description/share/pico_description/package.dsv
-- Up-to-date: /home/ubuntu/ros2_ws/pico_ros/install/pico_description/share/ament_index/resource_index/packages/pico_description
-- Up-to-date: /home/ubuntu/ros2_ws/pico_ros/install/pico_description/share/pico_description/cmake/pico_descriptionConfig.cmake
-- Up-to-date: /home/ubuntu/ros2_ws/pico_ros/install/pico_description/share/pico_description/cmake/pico_descriptionConfig-version.cmake
-- Up-to-date: /home/ubuntu/ros2_ws/pico_ros/install/pico_description/share/pico_description/package.xml
