[0.025s] Invoking command in '/home/ubuntu/ros2_ws/pico_ros/build/pico_description': CMAKE_PREFIX_PATH=${CMAKE_PREFIX_PATH}:/opt/ros/humble /usr/bin/cmake --build /home/ubuntu/ros2_ws/pico_ros/build/pico_description -- -j4 -l4
[0.072s] Invoked command in '/home/ubuntu/ros2_ws/pico_ros/build/pico_description' returned '0': CMAKE_PREFIX_PATH=${CMAKE_PREFIX_PATH}:/opt/ros/humble /usr/bin/cmake --build /home/ubuntu/ros2_ws/pico_ros/build/pico_description -- -j4 -l4
[0.106s] Invoking command in '/home/ubuntu/ros2_ws/pico_ros/build/pico_description': CMAKE_PREFIX_PATH=${CMAKE_PREFIX_PATH}:/opt/ros/humble /usr/bin/cmake --install /home/ubuntu/ros2_ws/pico_ros/build/pico_description
[0.117s] -- Install configuration: ""
[0.117s] -- Up-to-date: /home/ubuntu/ros2_ws/pico_ros/install/pico_description/share/pico_description/launch
[0.117s] -- Up-to-date: /home/ubuntu/ros2_ws/pico_ros/install/pico_description/share/pico_description/launch/._display.launch
[0.117s] -- Installing: /home/ubuntu/ros2_ws/pico_ros/install/pico_description/share/pico_description/launch/tf_move.launch.py
[0.118s] -- Up-to-date: /home/ubuntu/ros2_ws/pico_ros/install/pico_description/share/pico_description/launch/._gazebo.launch
[0.118s] -- Up-to-date: /home/ubuntu/ros2_ws/pico_ros/install/pico_description/share/pico_description/launch/._controller.launch
[0.118s] -- Up-to-date: /home/ubuntu/ros2_ws/pico_ros/install/pico_description/share/pico_description/launch/._controller.yaml
[0.118s] -- Up-to-date: /home/ubuntu/ros2_ws/pico_ros/install/pico_description/share/pico_description/launch/display.launch.py
[0.118s] -- Up-to-date: /home/ubuntu/ros2_ws/pico_ros/install/pico_description/share/pico_description/launch/__pycache__
[0.118s] -- Up-to-date: /home/ubuntu/ros2_ws/pico_ros/install/pico_description/share/pico_description/launch/__pycache__/display.launch.cpython-310.pyc
[0.119s] -- Up-to-date: /home/ubuntu/ros2_ws/pico_ros/install/pico_description/share/pico_description/launch/._urdf.rviz
[0.119s] -- Up-to-date: /home/ubuntu/ros2_ws/pico_ros/install/pico_description/share/pico_description/meshes
[0.119s] -- Up-to-date: /home/ubuntu/ros2_ws/pico_ros/install/pico_description/share/pico_description/meshes/._44mm_wheel_v1_1.stl
[0.119s] -- Up-to-date: /home/ubuntu/ros2_ws/pico_ros/install/pico_description/share/pico_description/meshes/._base_link.stl
[0.119s] -- Up-to-date: /home/ubuntu/ros2_ws/pico_ros/install/pico_description/share/pico_description/meshes/left_wheel_link.stl
[0.119s] -- Up-to-date: /home/ubuntu/ros2_ws/pico_ros/install/pico_description/share/pico_description/meshes/right_wheel_link.stl
[0.119s] -- Up-to-date: /home/ubuntu/ros2_ws/pico_ros/install/pico_description/share/pico_description/meshes/._44mm_wheel_v1__1__1.stl
[0.119s] -- Up-to-date: /home/ubuntu/ros2_ws/pico_ros/install/pico_description/share/pico_description/meshes/base_link.stl
[0.119s] -- Up-to-date: /home/ubuntu/ros2_ws/pico_ros/install/pico_description/share/pico_description/urdf
[0.119s] -- Up-to-date: /home/ubuntu/ros2_ws/pico_ros/install/pico_description/share/pico_description/urdf/._materials.xacro
[0.120s] -- Up-to-date: /home/ubuntu/ros2_ws/pico_ros/install/pico_description/share/pico_description/urdf/._flame.xacro
[0.120s] -- Up-to-date: /home/ubuntu/ros2_ws/pico_ros/install/pico_description/share/pico_description/urdf/pico.trans
[0.120s] -- Up-to-date: /home/ubuntu/ros2_ws/pico_ros/install/pico_description/share/pico_description/urdf/org
[0.120s] -- Up-to-date: /home/ubuntu/ros2_ws/pico_ros/install/pico_description/share/pico_description/urdf/org/assembl.urdf
[0.120s] -- Up-to-date: /home/ubuntu/ros2_ws/pico_ros/install/pico_description/share/pico_description/urdf/org/wheel.urdf.xacro
[0.120s] -- Up-to-date: /home/ubuntu/ros2_ws/pico_ros/install/pico_description/share/pico_description/urdf/org/robot.urdf.xacro
[0.120s] -- Up-to-date: /home/ubuntu/ros2_ws/pico_ros/install/pico_description/share/pico_description/urdf/org/body.urdf.xacro
[0.120s] -- Up-to-date: /home/ubuntu/ros2_ws/pico_ros/install/pico_description/share/pico_description/urdf/org/assembly.urdf
[0.120s] -- Up-to-date: /home/ubuntu/ros2_ws/pico_ros/install/pico_description/share/pico_description/urdf/materials.xacro
[0.120s] -- Up-to-date: /home/ubuntu/ros2_ws/pico_ros/install/pico_description/share/pico_description/urdf/._flame.gazebo
[0.120s] -- Up-to-date: /home/ubuntu/ros2_ws/pico_ros/install/pico_description/share/pico_description/urdf/._flame.trans
[0.120s] -- Up-to-date: /home/ubuntu/ros2_ws/pico_ros/install/pico_description/share/pico_description/urdf/pico.xacro
[0.120s] -- Up-to-date: /home/ubuntu/ros2_ws/pico_ros/install/pico_description/share/ament_index/resource_index/package_run_dependencies/pico_description
[0.120s] -- Up-to-date: /home/ubuntu/ros2_ws/pico_ros/install/pico_description/share/ament_index/resource_index/parent_prefix_path/pico_description
[0.121s] -- Up-to-date: /home/ubuntu/ros2_ws/pico_ros/install/pico_description/share/pico_description/environment/ament_prefix_path.sh
[0.121s] -- Up-to-date: /home/ubuntu/ros2_ws/pico_ros/install/pico_description/share/pico_description/environment/ament_prefix_path.dsv
[0.121s] -- Up-to-date: /home/ubuntu/ros2_ws/pico_ros/install/pico_description/share/pico_description/environment/path.sh
[0.121s] -- Up-to-date: /home/ubuntu/ros2_ws/pico_ros/install/pico_description/share/pico_description/environment/path.dsv
[0.121s] -- Up-to-date: /home/ubuntu/ros2_ws/pico_ros/install/pico_description/share/pico_description/local_setup.bash
[0.121s] -- Up-to-date: /home/ubuntu/ros2_ws/pico_ros/install/pico_description/share/pico_description/local_setup.sh
[0.121s] -- Up-to-date: /home/ubuntu/ros2_ws/pico_ros/install/pico_description/share/pico_description/local_setup.zsh
[0.121s] -- Up-to-date: /home/ubuntu/ros2_ws/pico_ros/install/pico_description/share/pico_description/local_setup.dsv
[0.121s] -- Up-to-date: /home/ubuntu/ros2_ws/pico_ros/install/pico_description/share/pico_description/package.dsv
[0.121s] -- Up-to-date: /home/ubuntu/ros2_ws/pico_ros/install/pico_description/share/ament_index/resource_index/packages/pico_description
[0.122s] -- Up-to-date: /home/ubuntu/ros2_ws/pico_ros/install/pico_description/share/pico_description/cmake/pico_descriptionConfig.cmake
[0.122s] -- Up-to-date: /home/ubuntu/ros2_ws/pico_ros/install/pico_description/share/pico_description/cmake/pico_descriptionConfig-version.cmake
[0.122s] -- Up-to-date: /home/ubuntu/ros2_ws/pico_ros/install/pico_description/share/pico_description/package.xml
[0.123s] Invoked command in '/home/ubuntu/ros2_ws/pico_ros/build/pico_description' returned '0': CMAKE_PREFIX_PATH=${CMAKE_PREFIX_PATH}:/opt/ros/humble /usr/bin/cmake --install /home/ubuntu/ros2_ws/pico_ros/build/pico_description
