-- The C compiler identification is GNU 11.3.0
-- The CXX compiler identification is GNU 11.3.0
-- Detecting C compiler ABI info
-- Detecting C compiler ABI info - done
-- Check for working C compiler: /usr/bin/cc - skipped
-- Detecting C compile features
-- Detecting C compile features - done
-- Detecting CXX compiler ABI info
-- Detecting CXX compiler ABI info - done
-- Check for working CXX compiler: /usr/bin/c++ - skipped
-- Detecting CXX compile features
-- Detecting CXX compile features - done
-- Found urdf: 2.6.0 (/opt/ros/humble/share/urdf/cmake)
-- Found Python3: /usr/bin/python3.10 (found version "3.10.6") found components: Interpreter 
-- Found rviz_common: 11.2.4 (/opt/ros/humble/share/rviz_common/cmake)
-- Setting OGRE_DIR to: '/opt/ros/humble/share/rviz_ogre_vendor/cmake/../../../opt/rviz_ogre_vendor/lib/OGRE/cmake'
-- Found OGRE
--   static     : OFF
--   components : HLMS;MeshLodGenerator;Overlay;Paging;Property;RTShaderSystem;Terrain;Volume
--   plugins    : Plugin_BSPSceneManager;Plugin_OctreeSceneManager;Plugin_PCZSceneManager;Plugin_ParticleFX;RenderSystem_GL;RenderSystem_GL3Plus;Codec_STBI
--   media      : /opt/ros/humble/opt/rviz_ogre_vendor/share/OGRE/Media
-- OGRE_LIBRARIES: OgreHLMS;OgreMeshLodGenerator;OgreOverlay;OgrePaging;OgreProperty;OgreRTShaderSystem;OgreTerrain;OgreVolume;OgreMain
-- OGRE_LIBRARY_DIRS: /opt/ros/humble/opt/rviz_ogre_vendor/lib
-- OGRE_PLUGINS: Plugin_BSPSceneManager;Plugin_OctreeSceneManager;Plugin_PCZSceneManager;Plugin_ParticleFX;RenderSystem_GL;RenderSystem_GL3Plus;Codec_STBI
-- OGRE_PLUGIN_DIR: /opt/ros/humble/opt/rviz_ogre_vendor/lib/OGRE
-- rviz_ogre_vendor::OgreOverlay for IMPORTED_LOCATION_RELEASE: /opt/ros/humble/opt/rviz_ogre_vendor/lib/libOgreOverlay.so
-- rviz_ogre_vendor::OgreOverlay for IMPORTED_LOCATION_DEBUG: /opt/ros/humble/opt/rviz_ogre_vendor/lib/libOgreOverlay.so
-- rviz_ogre_vendor::OgreMain for IMPORTED_LOCATION_RELEASE: /opt/ros/humble/opt/rviz_ogre_vendor/lib/libOgreMain.so
-- rviz_ogre_vendor::OgreMain for IMPORTED_LOCATION_DEBUG: /opt/ros/humble/opt/rviz_ogre_vendor/lib/libOgreMain.so
-- Could not find freeimage library
-- Found ZLIB: /usr/lib/x86_64-linux-gnu/libz.so (found version "1.2.11") 
-- Found OpenGL: /usr/lib/x86_64-linux-gnu/libOpenGL.so   
-- Found X11: /usr/include   
-- Looking for XOpenDisplay in /usr/lib/x86_64-linux-gnu/libX11.so;/usr/lib/x86_64-linux-gnu/libXext.so
-- Looking for XOpenDisplay in /usr/lib/x86_64-linux-gnu/libX11.so;/usr/lib/x86_64-linux-gnu/libXext.so - found
-- Looking for gethostbyname
-- Looking for gethostbyname - found
-- Looking for connect
-- Looking for connect - found
-- Looking for remove
-- Looking for remove - found
-- Looking for shmat
-- Looking for shmat - found
-- Looking for IceConnectionNumber in ICE
-- Looking for IceConnectionNumber in ICE - found
-- rviz_ogre_vendor::RenderSystem_GL for IMPORTED_LOCATION_RELEASE: _render_system_gl_static_library_abs-NOTFOUND
-- rviz_ogre_vendor::RenderSystem_GL for IMPORTED_LOCATION_DEBUG: _render_system_gl_static_library_abs-NOTFOUND
-- library: /usr/lib/x86_64-linux-gnu/libcurl.so
-- Found rosidl_generator_c: 3.1.4 (/opt/ros/humble/share/rosidl_generator_c/cmake)
-- Found rosidl_adapter: 3.1.4 (/opt/ros/humble/share/rosidl_adapter/cmake)
-- Found rosidl_generator_cpp: 3.1.4 (/opt/ros/humble/share/rosidl_generator_cpp/cmake)
-- Using all available rosidl_typesupport_c: rosidl_typesupport_fastrtps_c;rosidl_typesupport_introspection_c
-- Using all available rosidl_typesupport_cpp: rosidl_typesupport_fastrtps_cpp;rosidl_typesupport_introspection_cpp
-- Found rmw_implementation_cmake: 6.1.1 (/opt/ros/humble/share/rmw_implementation_cmake/cmake)
-- Found rmw_fastrtps_cpp: 6.2.2 (/opt/ros/humble/share/rmw_fastrtps_cpp/cmake)
-- Found OpenSSL: /usr/lib/x86_64-linux-gnu/libcrypto.so (found version "3.0.2")  
-- Found FastRTPS: /opt/ros/humble/include  
-- Using RMW implementation 'rmw_fastrtps_cpp' as default
-- Looking for pthread.h
-- Looking for pthread.h - found
-- Performing Test CMAKE_HAVE_LIBC_PTHREAD
-- Performing Test CMAKE_HAVE_LIBC_PTHREAD - Success
-- Found Threads: TRUE  
-- Found Eigen3: TRUE (found version "3.4.0") 
-- Ensuring Eigen3 include directory is part of orocos-kdl CMake target
-- Found ament_lint_auto: 0.12.4 (/opt/ros/humble/share/ament_lint_auto/cmake)
-- Added test 'copyright' to check source files copyright and LICENSE
-- Added test 'flake8' to check Python code syntax and style conventions
-- Added test 'lint_cmake' to check CMake code style
-- Added test 'pep257' to check Python code against some of the docstring style conventions in PEP 257
-- Added test 'xmllint' to check XML markup files
-- Configuring done
-- Generating done
-- Build files have been written to: /home/ubuntu/ros2_ws/pico_ros/build/pico_description
-- Install configuration: ""
-- Installing: /home/ubuntu/ros2_ws/pico_ros/install/pico_description/share/pico_description/launch
-- Installing: /home/ubuntu/ros2_ws/pico_ros/install/pico_description/share/pico_description/launch/._display.launch
-- Installing: /home/ubuntu/ros2_ws/pico_ros/install/pico_description/share/pico_description/launch/._gazebo.launch
-- Installing: /home/ubuntu/ros2_ws/pico_ros/install/pico_description/share/pico_description/launch/._controller.launch
-- Installing: /home/ubuntu/ros2_ws/pico_ros/install/pico_description/share/pico_description/launch/._controller.yaml
-- Installing: /home/ubuntu/ros2_ws/pico_ros/install/pico_description/share/pico_description/launch/display.launch.py
-- Installing: /home/ubuntu/ros2_ws/pico_ros/install/pico_description/share/pico_description/launch/__pycache__
-- Installing: /home/ubuntu/ros2_ws/pico_ros/install/pico_description/share/pico_description/launch/__pycache__/display.launch.cpython-310.pyc
-- Installing: /home/ubuntu/ros2_ws/pico_ros/install/pico_description/share/pico_description/launch/._urdf.rviz
-- Installing: /home/ubuntu/ros2_ws/pico_ros/install/pico_description/share/pico_description/meshes
-- Installing: /home/ubuntu/ros2_ws/pico_ros/install/pico_description/share/pico_description/meshes/._44mm_wheel_v1_1.stl
-- Installing: /home/ubuntu/ros2_ws/pico_ros/install/pico_description/share/pico_description/meshes/._base_link.stl
-- Installing: /home/ubuntu/ros2_ws/pico_ros/install/pico_description/share/pico_description/meshes/left_wheel_link.stl
-- Installing: /home/ubuntu/ros2_ws/pico_ros/install/pico_description/share/pico_description/meshes/right_wheel_link.stl
-- Installing: /home/ubuntu/ros2_ws/pico_ros/install/pico_description/share/pico_description/meshes/._44mm_wheel_v1__1__1.stl
-- Installing: /home/ubuntu/ros2_ws/pico_ros/install/pico_description/share/pico_description/meshes/base_link.stl
-- Installing: /home/ubuntu/ros2_ws/pico_ros/install/pico_description/share/pico_description/urdf
-- Installing: /home/ubuntu/ros2_ws/pico_ros/install/pico_description/share/pico_description/urdf/._materials.xacro
-- Installing: /home/ubuntu/ros2_ws/pico_ros/install/pico_description/share/pico_description/urdf/._flame.xacro
-- Installing: /home/ubuntu/ros2_ws/pico_ros/install/pico_description/share/pico_description/urdf/pico.trans
-- Installing: /home/ubuntu/ros2_ws/pico_ros/install/pico_description/share/pico_description/urdf/org
-- Installing: /home/ubuntu/ros2_ws/pico_ros/install/pico_description/share/pico_description/urdf/org/assembl.urdf
-- Installing: /home/ubuntu/ros2_ws/pico_ros/install/pico_description/share/pico_description/urdf/org/wheel.urdf.xacro
-- Installing: /home/ubuntu/ros2_ws/pico_ros/install/pico_description/share/pico_description/urdf/org/robot.urdf.xacro
-- Installing: /home/ubuntu/ros2_ws/pico_ros/install/pico_description/share/pico_description/urdf/org/body.urdf.xacro
-- Installing: /home/ubuntu/ros2_ws/pico_ros/install/pico_description/share/pico_description/urdf/org/assembly.urdf
-- Installing: /home/ubuntu/ros2_ws/pico_ros/install/pico_description/share/pico_description/urdf/materials.xacro
-- Installing: /home/ubuntu/ros2_ws/pico_ros/install/pico_description/share/pico_description/urdf/._flame.gazebo
-- Installing: /home/ubuntu/ros2_ws/pico_ros/install/pico_description/share/pico_description/urdf/._flame.trans
-- Installing: /home/ubuntu/ros2_ws/pico_ros/install/pico_description/share/pico_description/urdf/pico.xacro
-- Installing: /home/ubuntu/ros2_ws/pico_ros/install/pico_description/share/ament_index/resource_index/package_run_dependencies/pico_description
-- Installing: /home/ubuntu/ros2_ws/pico_ros/install/pico_description/share/ament_index/resource_index/parent_prefix_path/pico_description
-- Installing: /home/ubuntu/ros2_ws/pico_ros/install/pico_description/share/pico_description/environment/ament_prefix_path.sh
-- Installing: /home/ubuntu/ros2_ws/pico_ros/install/pico_description/share/pico_description/environment/ament_prefix_path.dsv
-- Installing: /home/ubuntu/ros2_ws/pico_ros/install/pico_description/share/pico_description/environment/path.sh
-- Installing: /home/ubuntu/ros2_ws/pico_ros/install/pico_description/share/pico_description/environment/path.dsv
-- Installing: /home/ubuntu/ros2_ws/pico_ros/install/pico_description/share/pico_description/local_setup.bash
-- Installing: /home/ubuntu/ros2_ws/pico_ros/install/pico_description/share/pico_description/local_setup.sh
-- Installing: /home/ubuntu/ros2_ws/pico_ros/install/pico_description/share/pico_description/local_setup.zsh
-- Installing: /home/ubuntu/ros2_ws/pico_ros/install/pico_description/share/pico_description/local_setup.dsv
-- Installing: /home/ubuntu/ros2_ws/pico_ros/install/pico_description/share/pico_description/package.dsv
-- Installing: /home/ubuntu/ros2_ws/pico_ros/install/pico_description/share/ament_index/resource_index/packages/pico_description
-- Installing: /home/ubuntu/ros2_ws/pico_ros/install/pico_description/share/pico_description/cmake/pico_descriptionConfig.cmake
-- Installing: /home/ubuntu/ros2_ws/pico_ros/install/pico_description/share/pico_description/cmake/pico_descriptionConfig-version.cmake
-- Installing: /home/ubuntu/ros2_ws/pico_ros/install/pico_description/share/pico_description/package.xml
