[0.022s] Invoking command in '/home/ubuntu/ros2_ws/pico_ros/build/pico_description': CMAKE_PREFIX_PATH=${CMAKE_PREFIX_PATH}:/opt/ros/humble /usr/bin/cmake /home/ubuntu/ros2_ws/pico_ros/pico_description -DCMAKE_INSTALL_PREFIX=/home/ubuntu/ros2_ws/pico_ros/install/pico_description
[0.166s] -- The C compiler identification is GNU 11.3.0
[0.297s] -- The CXX compiler identification is GNU 11.3.0
[0.311s] -- Detecting C compiler ABI info
[0.396s] -- Detecting C compiler ABI info - done
[0.405s] -- Check for working C compiler: /usr/bin/cc - skipped
[0.405s] -- Detecting C compile features
[0.406s] -- Detecting C compile features - done
[0.412s] -- Detecting CXX compiler ABI info
[0.511s] -- Detecting CXX compiler ABI info - done
[0.518s] -- Check for working CXX compiler: /usr/bin/c++ - skipped
[0.519s] -- Detecting CXX compile features
[0.519s] -- Detecting CXX compile features - done
[0.523s] -- Found urdf: 2.6.0 (/opt/ros/humble/share/urdf/cmake)
[0.766s] -- Found Python3: /usr/bin/python3.10 (found version "3.10.6") found components: Interpreter 
[1.006s] -- Found rviz_common: 11.2.4 (/opt/ros/humble/share/rviz_common/cmake)
[1.072s] -- Setting OGRE_DIR to: '/opt/ros/humble/share/rviz_ogre_vendor/cmake/../../../opt/rviz_ogre_vendor/lib/OGRE/cmake'
[1.076s] -- Found OGRE
[1.076s] --   static     : OFF
[1.076s] --   components : HLMS;MeshLodGenerator;Overlay;Paging;Property;RTShaderSystem;Terrain;Volume
[1.076s] --   plugins    : Plugin_BSPSceneManager;Plugin_OctreeSceneManager;Plugin_PCZSceneManager;Plugin_ParticleFX;RenderSystem_GL;RenderSystem_GL3Plus;Codec_STBI
[1.076s] --   media      : /opt/ros/humble/opt/rviz_ogre_vendor/share/OGRE/Media
[1.076s] -- OGRE_LIBRARIES: OgreHLMS;OgreMeshLodGenerator;OgreOverlay;OgrePaging;OgreProperty;OgreRTShaderSystem;OgreTerrain;OgreVolume;OgreMain
[1.076s] -- OGRE_LIBRARY_DIRS: /opt/ros/humble/opt/rviz_ogre_vendor/lib
[1.076s] -- OGRE_PLUGINS: Plugin_BSPSceneManager;Plugin_OctreeSceneManager;Plugin_PCZSceneManager;Plugin_ParticleFX;RenderSystem_GL;RenderSystem_GL3Plus;Codec_STBI
[1.076s] -- OGRE_PLUGIN_DIR: /opt/ros/humble/opt/rviz_ogre_vendor/lib/OGRE
[1.077s] -- rviz_ogre_vendor::OgreOverlay for IMPORTED_LOCATION_RELEASE: /opt/ros/humble/opt/rviz_ogre_vendor/lib/libOgreOverlay.so
[1.077s] -- rviz_ogre_vendor::OgreOverlay for IMPORTED_LOCATION_DEBUG: /opt/ros/humble/opt/rviz_ogre_vendor/lib/libOgreOverlay.so
[1.077s] -- rviz_ogre_vendor::OgreMain for IMPORTED_LOCATION_RELEASE: /opt/ros/humble/opt/rviz_ogre_vendor/lib/libOgreMain.so
[1.077s] -- rviz_ogre_vendor::OgreMain for IMPORTED_LOCATION_DEBUG: /opt/ros/humble/opt/rviz_ogre_vendor/lib/libOgreMain.so
[1.085s] -- Could not find freeimage library
[1.111s] -- Found ZLIB: /usr/lib/x86_64-linux-gnu/libz.so (found version "1.2.11") 
[1.122s] -- Found OpenGL: /usr/lib/x86_64-linux-gnu/libOpenGL.so   
[1.256s] -- Found X11: /usr/include   
[1.256s] -- Looking for XOpenDisplay in /usr/lib/x86_64-linux-gnu/libX11.so;/usr/lib/x86_64-linux-gnu/libXext.so
[1.351s] -- Looking for XOpenDisplay in /usr/lib/x86_64-linux-gnu/libX11.so;/usr/lib/x86_64-linux-gnu/libXext.so - found
[1.351s] -- Looking for gethostbyname
[1.440s] -- Looking for gethostbyname - found
[1.441s] -- Looking for connect
[1.518s] -- Looking for connect - found
[1.518s] -- Looking for remove
[1.608s] -- Looking for remove - found
[1.608s] -- Looking for shmat
[1.693s] -- Looking for shmat - found
[1.694s] -- Looking for IceConnectionNumber in ICE
[1.778s] -- Looking for IceConnectionNumber in ICE - found
[1.781s] -- rviz_ogre_vendor::RenderSystem_GL for IMPORTED_LOCATION_RELEASE: _render_system_gl_static_library_abs-NOTFOUND
[1.782s] -- rviz_ogre_vendor::RenderSystem_GL for IMPORTED_LOCATION_DEBUG: _render_system_gl_static_library_abs-NOTFOUND
[1.881s] -- library: /usr/lib/x86_64-linux-gnu/libcurl.so
[1.922s] -- Found rosidl_generator_c: 3.1.4 (/opt/ros/humble/share/rosidl_generator_c/cmake)
[1.929s] -- Found rosidl_adapter: 3.1.4 (/opt/ros/humble/share/rosidl_adapter/cmake)
[1.943s] -- Found rosidl_generator_cpp: 3.1.4 (/opt/ros/humble/share/rosidl_generator_cpp/cmake)
[1.961s] -- Using all available rosidl_typesupport_c: rosidl_typesupport_fastrtps_c;rosidl_typesupport_introspection_c
[1.982s] -- Using all available rosidl_typesupport_cpp: rosidl_typesupport_fastrtps_cpp;rosidl_typesupport_introspection_cpp
[2.313s] -- Found rmw_implementation_cmake: 6.1.1 (/opt/ros/humble/share/rmw_implementation_cmake/cmake)
[2.317s] -- Found rmw_fastrtps_cpp: 6.2.2 (/opt/ros/humble/share/rmw_fastrtps_cpp/cmake)
[2.452s] -- Found OpenSSL: /usr/lib/x86_64-linux-gnu/libcrypto.so (found version "3.0.2")  
[2.486s] -- Found FastRTPS: /opt/ros/humble/include  
[2.549s] -- Using RMW implementation 'rmw_fastrtps_cpp' as default
[2.561s] -- Looking for pthread.h
[2.651s] -- Looking for pthread.h - found
[2.651s] -- Performing Test CMAKE_HAVE_LIBC_PTHREAD
[2.735s] -- Performing Test CMAKE_HAVE_LIBC_PTHREAD - Success
[2.736s] -- Found Threads: TRUE  
[3.170s] -- Found Eigen3: TRUE (found version "3.4.0") 
[3.170s] -- Ensuring Eigen3 include directory is part of orocos-kdl CMake target
[3.707s] -- Found ament_lint_auto: 0.12.4 (/opt/ros/humble/share/ament_lint_auto/cmake)
[3.820s] -- Added test 'copyright' to check source files copyright and LICENSE
[3.825s] -- Added test 'flake8' to check Python code syntax and style conventions
[3.826s] -- Added test 'lint_cmake' to check CMake code style
[3.827s] -- Added test 'pep257' to check Python code against some of the docstring style conventions in PEP 257
[3.830s] -- Added test 'xmllint' to check XML markup files
[3.831s] -- Configuring done
[3.842s] -- Generating done
[3.845s] -- Build files have been written to: /home/ubuntu/ros2_ws/pico_ros/build/pico_description
[3.863s] Invoked command in '/home/ubuntu/ros2_ws/pico_ros/build/pico_description' returned '0': CMAKE_PREFIX_PATH=${CMAKE_PREFIX_PATH}:/opt/ros/humble /usr/bin/cmake /home/ubuntu/ros2_ws/pico_ros/pico_description -DCMAKE_INSTALL_PREFIX=/home/ubuntu/ros2_ws/pico_ros/install/pico_description
[3.865s] Invoking command in '/home/ubuntu/ros2_ws/pico_ros/build/pico_description': CMAKE_PREFIX_PATH=${CMAKE_PREFIX_PATH}:/opt/ros/humble /usr/bin/cmake --build /home/ubuntu/ros2_ws/pico_ros/build/pico_description -- -j4 -l4
[3.909s] Invoked command in '/home/ubuntu/ros2_ws/pico_ros/build/pico_description' returned '0': CMAKE_PREFIX_PATH=${CMAKE_PREFIX_PATH}:/opt/ros/humble /usr/bin/cmake --build /home/ubuntu/ros2_ws/pico_ros/build/pico_description -- -j4 -l4
[3.951s] Invoking command in '/home/ubuntu/ros2_ws/pico_ros/build/pico_description': CMAKE_PREFIX_PATH=${CMAKE_PREFIX_PATH}:/opt/ros/humble /usr/bin/cmake --install /home/ubuntu/ros2_ws/pico_ros/build/pico_description
[3.959s] -- Install configuration: ""
[3.960s] -- Installing: /home/ubuntu/ros2_ws/pico_ros/install/pico_description/share/pico_description/launch
[3.960s] -- Installing: /home/ubuntu/ros2_ws/pico_ros/install/pico_description/share/pico_description/launch/._display.launch
[3.960s] -- Installing: /home/ubuntu/ros2_ws/pico_ros/install/pico_description/share/pico_description/launch/._gazebo.launch
[3.960s] -- Installing: /home/ubuntu/ros2_ws/pico_ros/install/pico_description/share/pico_description/launch/._controller.launch
[3.960s] -- Installing: /home/ubuntu/ros2_ws/pico_ros/install/pico_description/share/pico_description/launch/._controller.yaml
[3.961s] -- Installing: /home/ubuntu/ros2_ws/pico_ros/install/pico_description/share/pico_description/launch/display.launch.py
[3.961s] -- Installing: /home/ubuntu/ros2_ws/pico_ros/install/pico_description/share/pico_description/launch/__pycache__
[3.961s] -- Installing: /home/ubuntu/ros2_ws/pico_ros/install/pico_description/share/pico_description/launch/__pycache__/display.launch.cpython-310.pyc
[3.961s] -- Installing: /home/ubuntu/ros2_ws/pico_ros/install/pico_description/share/pico_description/launch/._urdf.rviz
[3.961s] -- Installing: /home/ubuntu/ros2_ws/pico_ros/install/pico_description/share/pico_description/meshes
[3.962s] -- Installing: /home/ubuntu/ros2_ws/pico_ros/install/pico_description/share/pico_description/meshes/._44mm_wheel_v1_1.stl
[3.962s] -- Installing: /home/ubuntu/ros2_ws/pico_ros/install/pico_description/share/pico_description/meshes/._base_link.stl
[3.962s] -- Installing: /home/ubuntu/ros2_ws/pico_ros/install/pico_description/share/pico_description/meshes/left_wheel_link.stl
[3.963s] -- Installing: /home/ubuntu/ros2_ws/pico_ros/install/pico_description/share/pico_description/meshes/right_wheel_link.stl
[3.963s] -- Installing: /home/ubuntu/ros2_ws/pico_ros/install/pico_description/share/pico_description/meshes/._44mm_wheel_v1__1__1.stl
[3.964s] -- Installing: /home/ubuntu/ros2_ws/pico_ros/install/pico_description/share/pico_description/meshes/base_link.stl
[3.965s] -- Installing: /home/ubuntu/ros2_ws/pico_ros/install/pico_description/share/pico_description/urdf
[3.965s] -- Installing: /home/ubuntu/ros2_ws/pico_ros/install/pico_description/share/pico_description/urdf/._materials.xacro
[3.966s] -- Installing: /home/ubuntu/ros2_ws/pico_ros/install/pico_description/share/pico_description/urdf/._flame.xacro
[3.966s] -- Installing: /home/ubuntu/ros2_ws/pico_ros/install/pico_description/share/pico_description/urdf/pico.trans
[3.966s] -- Installing: /home/ubuntu/ros2_ws/pico_ros/install/pico_description/share/pico_description/urdf/org
[3.966s] -- Installing: /home/ubuntu/ros2_ws/pico_ros/install/pico_description/share/pico_description/urdf/org/assembl.urdf
[3.966s] -- Installing: /home/ubuntu/ros2_ws/pico_ros/install/pico_description/share/pico_description/urdf/org/wheel.urdf.xacro
[3.966s] -- Installing: /home/ubuntu/ros2_ws/pico_ros/install/pico_description/share/pico_description/urdf/org/robot.urdf.xacro
[3.967s] -- Installing: /home/ubuntu/ros2_ws/pico_ros/install/pico_description/share/pico_description/urdf/org/body.urdf.xacro
[3.967s] -- Installing: /home/ubuntu/ros2_ws/pico_ros/install/pico_description/share/pico_description/urdf/org/assembly.urdf
[3.968s] -- Installing: /home/ubuntu/ros2_ws/pico_ros/install/pico_description/share/pico_description/urdf/materials.xacro
[3.968s] -- Installing: /home/ubuntu/ros2_ws/pico_ros/install/pico_description/share/pico_description/urdf/._flame.gazebo
[3.968s] -- Installing: /home/ubuntu/ros2_ws/pico_ros/install/pico_description/share/pico_description/urdf/._flame.trans
[3.968s] -- Installing: /home/ubuntu/ros2_ws/pico_ros/install/pico_description/share/pico_description/urdf/pico.xacro
[3.968s] -- Installing: /home/ubuntu/ros2_ws/pico_ros/install/pico_description/share/ament_index/resource_index/package_run_dependencies/pico_description
[3.968s] -- Installing: /home/ubuntu/ros2_ws/pico_ros/install/pico_description/share/ament_index/resource_index/parent_prefix_path/pico_description
[3.969s] -- Installing: /home/ubuntu/ros2_ws/pico_ros/install/pico_description/share/pico_description/environment/ament_prefix_path.sh
[3.969s] -- Installing: /home/ubuntu/ros2_ws/pico_ros/install/pico_description/share/pico_description/environment/ament_prefix_path.dsv
[3.969s] -- Installing: /home/ubuntu/ros2_ws/pico_ros/install/pico_description/share/pico_description/environment/path.sh
[3.969s] -- Installing: /home/ubuntu/ros2_ws/pico_ros/install/pico_description/share/pico_description/environment/path.dsv
[3.969s] -- Installing: /home/ubuntu/ros2_ws/pico_ros/install/pico_description/share/pico_description/local_setup.bash
[3.970s] -- Installing: /home/ubuntu/ros2_ws/pico_ros/install/pico_description/share/pico_description/local_setup.sh
[3.970s] -- Installing: /home/ubuntu/ros2_ws/pico_ros/install/pico_description/share/pico_description/local_setup.zsh
[3.970s] -- Installing: /home/ubuntu/ros2_ws/pico_ros/install/pico_description/share/pico_description/local_setup.dsv
[3.970s] -- Installing: /home/ubuntu/ros2_ws/pico_ros/install/pico_description/share/pico_description/package.dsv
[3.970s] -- Installing: /home/ubuntu/ros2_ws/pico_ros/install/pico_description/share/ament_index/resource_index/packages/pico_description
[3.971s] -- Installing: /home/ubuntu/ros2_ws/pico_ros/install/pico_description/share/pico_description/cmake/pico_descriptionConfig.cmake
[3.971s] -- Installing: /home/ubuntu/ros2_ws/pico_ros/install/pico_description/share/pico_description/cmake/pico_descriptionConfig-version.cmake
[3.971s] -- Installing: /home/ubuntu/ros2_ws/pico_ros/install/pico_description/share/pico_description/package.xml
[3.974s] Invoked command in '/home/ubuntu/ros2_ws/pico_ros/build/pico_description' returned '0': CMAKE_PREFIX_PATH=${CMAKE_PREFIX_PATH}:/opt/ros/humble /usr/bin/cmake --install /home/ubuntu/ros2_ws/pico_ros/build/pico_description
