[0.014s] Invoking command in '/home/ubuntu/ros2_ws/pico_ros/build/teleop_joy': CMAKE_PREFIX_PATH=${CMAKE_PREFIX_PATH}:/opt/ros/humble /usr/bin/cmake /home/ubuntu/ros2_ws/pico_ros/teleop_joy -DCMAKE_INSTALL_PREFIX=/home/ubuntu/ros2_ws/pico_ros/install/teleop_joy
[0.155s] -- The C compiler identification is GNU 11.3.0
[0.287s] -- The CXX compiler identification is GNU 11.3.0
[0.299s] -- Detecting C compiler ABI info
[0.383s] -- Detecting C compiler ABI info - done
[0.393s] -- Check for working C compiler: /usr/bin/cc - skipped
[0.394s] -- Detecting C compile features
[0.394s] -- Detecting C compile features - done
[0.400s] -- Detecting CXX compiler ABI info
[0.499s] -- Detecting CXX compiler ABI info - done
[0.507s] -- Check for working CXX compiler: /usr/bin/c++ - skipped
[0.507s] -- Detecting CXX compile features
[0.508s] -- Detecting CXX compile features - done
[0.512s] -- Found ament_cmake: 1.3.3 (/opt/ros/humble/share/ament_cmake/cmake)
[0.754s] -- Found Python3: /usr/bin/python3.10 (found version "3.10.6") found components: Interpreter 
[0.892s] -- Found rclcpp: 16.0.2 (/opt/ros/humble/share/rclcpp/cmake)
[1.003s] -- Found rosidl_generator_c: 3.1.4 (/opt/ros/humble/share/rosidl_generator_c/cmake)
[1.012s] -- Found rosidl_adapter: 3.1.4 (/opt/ros/humble/share/rosidl_adapter/cmake)
[1.033s] -- Found rosidl_generator_cpp: 3.1.4 (/opt/ros/humble/share/rosidl_generator_cpp/cmake)
[1.066s] -- Using all available rosidl_typesupport_c: rosidl_typesupport_fastrtps_c;rosidl_typesupport_introspection_c
[1.101s] -- Using all available rosidl_typesupport_cpp: rosidl_typesupport_fastrtps_cpp;rosidl_typesupport_introspection_cpp
[1.221s] -- Found rmw_implementation_cmake: 6.1.1 (/opt/ros/humble/share/rmw_implementation_cmake/cmake)
[1.228s] -- Found rmw_fastrtps_cpp: 6.2.2 (/opt/ros/humble/share/rmw_fastrtps_cpp/cmake)
[1.373s] -- Found OpenSSL: /usr/lib/x86_64-linux-gnu/libcrypto.so (found version "3.0.2")  
[1.410s] -- Found FastRTPS: /opt/ros/humble/include  
[1.471s] -- Using RMW implementation 'rmw_fastrtps_cpp' as default
[1.487s] -- Looking for pthread.h
[1.586s] -- Looking for pthread.h - found
[1.587s] -- Performing Test CMAKE_HAVE_LIBC_PTHREAD
[1.682s] -- Performing Test CMAKE_HAVE_LIBC_PTHREAD - Success
[1.684s] -- Found Threads: TRUE  
[1.929s] -- Found geometry_msgs: 4.2.2 (/opt/ros/humble/share/geometry_msgs/cmake)
[1.992s] -- Found sensor_msgs: 4.2.2 (/opt/ros/humble/share/sensor_msgs/cmake)
[2.187s] -- Found rosidl_default_generators: 1.2.0 (/opt/ros/humble/share/rosidl_default_generators/cmake)
[2.205s] -- Found ament_lint_auto: 0.12.4 (/opt/ros/humble/share/ament_lint_auto/cmake)
[2.330s] -- Added test 'copyright' to check source files copyright and LICENSE
[2.333s] -- Added test 'cppcheck' to perform static code analysis on C / C++ code
[2.333s] -- Configured cppcheck include dirs: /home/ubuntu/ros2_ws/pico_ros/teleop_joy/include
[2.333s] -- Configured cppcheck exclude dirs and/or files: 
[2.334s] -- Added test 'cpplint' to check C / C++ code against the Google style
[2.335s] -- Configured cpplint exclude dirs and/or files: 
[2.335s] -- Added test 'flake8' to check Python code syntax and style conventions
[2.336s] -- Added test 'lint_cmake' to check CMake code style
[2.337s] -- Added test 'pep257' to check Python code against some of the docstring style conventions in PEP 257
[2.339s] -- Added test 'uncrustify' to check C / C++ code style
[2.339s] -- Configured uncrustify additional arguments: 
[2.339s] -- Added test 'xmllint' to check XML markup files
[2.342s] -- Configuring done
[2.354s] -- Generating done
[2.356s] -- Build files have been written to: /home/ubuntu/ros2_ws/pico_ros/build/teleop_joy
[2.369s] Invoked command in '/home/ubuntu/ros2_ws/pico_ros/build/teleop_joy' returned '0': CMAKE_PREFIX_PATH=${CMAKE_PREFIX_PATH}:/opt/ros/humble /usr/bin/cmake /home/ubuntu/ros2_ws/pico_ros/teleop_joy -DCMAKE_INSTALL_PREFIX=/home/ubuntu/ros2_ws/pico_ros/install/teleop_joy
[2.371s] Invoking command in '/home/ubuntu/ros2_ws/pico_ros/build/teleop_joy': CMAKE_PREFIX_PATH=${CMAKE_PREFIX_PATH}:/opt/ros/humble /usr/bin/cmake --build /home/ubuntu/ros2_ws/pico_ros/build/teleop_joy -- -j4 -l4
[2.435s] [ 50%] [32mBuilding CXX object CMakeFiles/teleop_joy.dir/src/joystick_control.cpp.o[0m
[13.923s] [100%] [32m[1mLinking CXX executable teleop_joy[0m
[14.525s] [100%] Built target teleop_joy
[14.536s] Invoked command in '/home/ubuntu/ros2_ws/pico_ros/build/teleop_joy' returned '0': CMAKE_PREFIX_PATH=${CMAKE_PREFIX_PATH}:/opt/ros/humble /usr/bin/cmake --build /home/ubuntu/ros2_ws/pico_ros/build/teleop_joy -- -j4 -l4
[14.564s] Invoking command in '/home/ubuntu/ros2_ws/pico_ros/build/teleop_joy': CMAKE_PREFIX_PATH=${CMAKE_PREFIX_PATH}:/opt/ros/humble /usr/bin/cmake --install /home/ubuntu/ros2_ws/pico_ros/build/teleop_joy
[14.572s] -- Install configuration: ""
[14.572s] -- Installing: /home/ubuntu/ros2_ws/pico_ros/install/teleop_joy/lib/teleop_joy/teleop_joy
[14.576s] -- Set runtime path of "/home/ubuntu/ros2_ws/pico_ros/install/teleop_joy/lib/teleop_joy/teleop_joy" to ""
[14.576s] -- Installing: /home/ubuntu/ros2_ws/pico_ros/install/teleop_joy/share/ament_index/resource_index/package_run_dependencies/teleop_joy
[14.576s] -- Installing: /home/ubuntu/ros2_ws/pico_ros/install/teleop_joy/share/ament_index/resource_index/parent_prefix_path/teleop_joy
[14.576s] -- Installing: /home/ubuntu/ros2_ws/pico_ros/install/teleop_joy/share/teleop_joy/environment/ament_prefix_path.sh
[14.576s] -- Installing: /home/ubuntu/ros2_ws/pico_ros/install/teleop_joy/share/teleop_joy/environment/ament_prefix_path.dsv
[14.577s] -- Installing: /home/ubuntu/ros2_ws/pico_ros/install/teleop_joy/share/teleop_joy/environment/path.sh
[14.577s] -- Installing: /home/ubuntu/ros2_ws/pico_ros/install/teleop_joy/share/teleop_joy/environment/path.dsv
[14.577s] -- Installing: /home/ubuntu/ros2_ws/pico_ros/install/teleop_joy/share/teleop_joy/local_setup.bash
[14.577s] -- Installing: /home/ubuntu/ros2_ws/pico_ros/install/teleop_joy/share/teleop_joy/local_setup.sh
[14.577s] -- Installing: /home/ubuntu/ros2_ws/pico_ros/install/teleop_joy/share/teleop_joy/local_setup.zsh
[14.577s] -- Installing: /home/ubuntu/ros2_ws/pico_ros/install/teleop_joy/share/teleop_joy/local_setup.dsv
[14.577s] -- Installing: /home/ubuntu/ros2_ws/pico_ros/install/teleop_joy/share/teleop_joy/package.dsv
[14.577s] -- Installing: /home/ubuntu/ros2_ws/pico_ros/install/teleop_joy/share/ament_index/resource_index/packages/teleop_joy
[14.578s] -- Installing: /home/ubuntu/ros2_ws/pico_ros/install/teleop_joy/share/teleop_joy/cmake/teleop_joyConfig.cmake
[14.578s] -- Installing: /home/ubuntu/ros2_ws/pico_ros/install/teleop_joy/share/teleop_joy/cmake/teleop_joyConfig-version.cmake
[14.578s] -- Installing: /home/ubuntu/ros2_ws/pico_ros/install/teleop_joy/share/teleop_joy/package.xml
[14.582s] Invoked command in '/home/ubuntu/ros2_ws/pico_ros/build/teleop_joy' returned '0': CMAKE_PREFIX_PATH=${CMAKE_PREFIX_PATH}:/opt/ros/humble /usr/bin/cmake --install /home/ubuntu/ros2_ws/pico_ros/build/teleop_joy
