[0.347s] DEBUG:colcon:Command line arguments: ['/usr/bin/colcon', 'build']
[0.347s] DEBUG:colcon:Parsed command line arguments: Namespace(log_base=None, log_level=None, verb_name='build', build_base='build', install_base='install', merge_install=False, symlink_install=False, test_result_base=None, continue_on_error=False, executor='parallel', parallel_workers=4, event_handlers=None, ignore_user_meta=False, metas=['./colcon.meta'], base_paths=['.'], packages_ignore=None, packages_ignore_regex=None, paths=None, packages_up_to=None, packages_up_to_regex=None, packages_above=None, packages_above_and_dependencies=None, packages_above_depth=None, packages_select_by_dep=None, packages_skip_by_dep=None, packages_skip_up_to=None, packages_select_build_failed=False, packages_skip_build_finished=False, packages_select_test_failures=False, packages_skip_test_passed=False, packages_select=None, packages_skip=None, packages_select_regex=None, packages_skip_regex=None, packages_start=None, packages_end=None, allow_overriding=[], cmake_args=None, cmake_target=None, cmake_target_skip_unavailable=False, cmake_clean_cache=False, cmake_clean_first=False, cmake_force_configure=False, ament_cmake_args=None, catkin_cmake_args=None, catkin_skip_building_tests=False, verb_parser=<colcon_defaults.argument_parser.defaults.DefaultArgumentsDecorator object at 0x7f131d1f58d0>, verb_extension=<colcon_core.verb.build.BuildVerb object at 0x7f131db396c0>, main=<bound method BuildVerb.main of <colcon_core.verb.build.BuildVerb object at 0x7f131db396c0>>)
[0.372s] Level 1:colcon.colcon_core.package_discovery:discover_packages(colcon_meta) check parameters
[0.372s] Level 1:colcon.colcon_core.package_discovery:discover_packages(recursive) check parameters
[0.372s] Level 1:colcon.colcon_core.package_discovery:discover_packages(ignore) check parameters
[0.372s] Level 1:colcon.colcon_core.package_discovery:discover_packages(path) check parameters
[0.372s] Level 1:colcon.colcon_core.package_discovery:discover_packages(colcon_meta) discover
[0.372s] Level 1:colcon.colcon_core.package_discovery:discover_packages(recursive) discover
[0.372s] INFO:colcon.colcon_core.package_discovery:Crawling recursively for packages in '/home/ubuntu/ros2_ws/pico_ros'
[0.372s] Level 1:colcon.colcon_core.package_identification:_identify(.) by extensions ['ignore', 'ignore_ament_install']
[0.372s] Level 1:colcon.colcon_core.package_identification:_identify(.) by extension 'ignore'
[0.372s] Level 1:colcon.colcon_core.package_identification:_identify(.) by extension 'ignore_ament_install'
[0.372s] Level 1:colcon.colcon_core.package_identification:_identify(.) by extensions ['colcon_pkg']
[0.372s] Level 1:colcon.colcon_core.package_identification:_identify(.) by extension 'colcon_pkg'
[0.372s] Level 1:colcon.colcon_core.package_identification:_identify(.) by extensions ['colcon_meta']
[0.372s] Level 1:colcon.colcon_core.package_identification:_identify(.) by extension 'colcon_meta'
[0.372s] Level 1:colcon.colcon_core.package_identification:_identify(.) by extensions ['ros']
[0.373s] Level 1:colcon.colcon_core.package_identification:_identify(.) by extension 'ros'
[0.399s] Level 1:colcon.colcon_core.package_identification:_identify(.) by extensions ['cmake', 'python']
[0.399s] Level 1:colcon.colcon_core.package_identification:_identify(.) by extension 'cmake'
[0.399s] Level 1:colcon.colcon_core.package_identification:_identify(.) by extension 'python'
[0.399s] Level 1:colcon.colcon_core.package_identification:_identify(.) by extensions ['python_setup_py']
[0.399s] Level 1:colcon.colcon_core.package_identification:_identify(.) by extension 'python_setup_py'
[0.399s] Level 1:colcon.colcon_core.package_identification:_identify(build) by extensions ['ignore', 'ignore_ament_install']
[0.399s] Level 1:colcon.colcon_core.package_identification:_identify(build) by extension 'ignore'
[0.399s] Level 1:colcon.colcon_core.package_identification:_identify(build) ignored
[0.400s] Level 1:colcon.colcon_core.package_identification:_identify(install) by extensions ['ignore', 'ignore_ament_install']
[0.400s] Level 1:colcon.colcon_core.package_identification:_identify(install) by extension 'ignore'
[0.400s] Level 1:colcon.colcon_core.package_identification:_identify(install) ignored
[0.400s] Level 1:colcon.colcon_core.package_identification:_identify(log) by extensions ['ignore', 'ignore_ament_install']
[0.400s] Level 1:colcon.colcon_core.package_identification:_identify(log) by extension 'ignore'
[0.400s] Level 1:colcon.colcon_core.package_identification:_identify(log) ignored
[0.400s] Level 1:colcon.colcon_core.package_identification:_identify(pico_description) by extensions ['ignore', 'ignore_ament_install']
[0.400s] Level 1:colcon.colcon_core.package_identification:_identify(pico_description) by extension 'ignore'
[0.400s] Level 1:colcon.colcon_core.package_identification:_identify(pico_description) by extension 'ignore_ament_install'
[0.400s] Level 1:colcon.colcon_core.package_identification:_identify(pico_description) by extensions ['colcon_pkg']
[0.400s] Level 1:colcon.colcon_core.package_identification:_identify(pico_description) by extension 'colcon_pkg'
[0.400s] Level 1:colcon.colcon_core.package_identification:_identify(pico_description) by extensions ['colcon_meta']
[0.401s] Level 1:colcon.colcon_core.package_identification:_identify(pico_description) by extension 'colcon_meta'
[0.401s] Level 1:colcon.colcon_core.package_identification:_identify(pico_description) by extensions ['ros']
[0.401s] Level 1:colcon.colcon_core.package_identification:_identify(pico_description) by extension 'ros'
[0.404s] DEBUG:colcon.colcon_core.package_identification:Package 'pico_description' with type 'ros.ament_cmake' and name 'pico_description'
[0.404s] Level 1:colcon.colcon_core.package_identification:_identify(teleop_joy) by extensions ['ignore', 'ignore_ament_install']
[0.404s] Level 1:colcon.colcon_core.package_identification:_identify(teleop_joy) by extension 'ignore'
[0.404s] Level 1:colcon.colcon_core.package_identification:_identify(teleop_joy) by extension 'ignore_ament_install'
[0.404s] Level 1:colcon.colcon_core.package_identification:_identify(teleop_joy) by extensions ['colcon_pkg']
[0.405s] Level 1:colcon.colcon_core.package_identification:_identify(teleop_joy) by extension 'colcon_pkg'
[0.405s] Level 1:colcon.colcon_core.package_identification:_identify(teleop_joy) by extensions ['colcon_meta']
[0.405s] Level 1:colcon.colcon_core.package_identification:_identify(teleop_joy) by extension 'colcon_meta'
[0.405s] Level 1:colcon.colcon_core.package_identification:_identify(teleop_joy) by extensions ['ros']
[0.405s] Level 1:colcon.colcon_core.package_identification:_identify(teleop_joy) by extension 'ros'
[0.406s] DEBUG:colcon.colcon_core.package_identification:Package 'teleop_joy' with type 'ros.ament_cmake' and name 'teleop_joy'
[0.406s] Level 1:colcon.colcon_core.package_discovery:discover_packages(recursive) using defaults
[0.406s] Level 1:colcon.colcon_core.package_discovery:discover_packages(ignore) discover
[0.406s] Level 1:colcon.colcon_core.package_discovery:discover_packages(ignore) using defaults
[0.406s] Level 1:colcon.colcon_core.package_discovery:discover_packages(path) discover
[0.406s] Level 1:colcon.colcon_core.package_discovery:discover_packages(path) using defaults
[0.435s] Level 1:colcon.colcon_core.package_discovery:discover_packages(prefix_path) check parameters
[0.435s] Level 1:colcon.colcon_core.package_discovery:discover_packages(prefix_path) discover
[0.438s] DEBUG:colcon.colcon_installed_package_information.package_discovery:Found 7 installed packages in /home/ubuntu/ros2_ws/install
[0.440s] DEBUG:colcon.colcon_installed_package_information.package_discovery:Found 276 installed packages in /opt/ros/humble
[0.442s] Level 1:colcon.colcon_core.package_discovery:discover_packages(prefix_path) using defaults
[0.517s] Level 5:colcon.colcon_core.verb:set package 'pico_description' build argument 'cmake_args' from command line to 'None'
[0.517s] Level 5:colcon.colcon_core.verb:set package 'pico_description' build argument 'cmake_target' from command line to 'None'
[0.517s] Level 5:colcon.colcon_core.verb:set package 'pico_description' build argument 'cmake_target_skip_unavailable' from command line to 'False'
[0.517s] Level 5:colcon.colcon_core.verb:set package 'pico_description' build argument 'cmake_clean_cache' from command line to 'False'
[0.517s] Level 5:colcon.colcon_core.verb:set package 'pico_description' build argument 'cmake_clean_first' from command line to 'False'
[0.517s] Level 5:colcon.colcon_core.verb:set package 'pico_description' build argument 'cmake_force_configure' from command line to 'False'
[0.517s] Level 5:colcon.colcon_core.verb:set package 'pico_description' build argument 'ament_cmake_args' from command line to 'None'
[0.517s] Level 5:colcon.colcon_core.verb:set package 'pico_description' build argument 'catkin_cmake_args' from command line to 'None'
[0.517s] Level 5:colcon.colcon_core.verb:set package 'pico_description' build argument 'catkin_skip_building_tests' from command line to 'False'
[0.517s] DEBUG:colcon.colcon_core.verb:Building package 'pico_description' with the following arguments: {'ament_cmake_args': None, 'build_base': '/home/ubuntu/ros2_ws/pico_ros/build/pico_description', 'catkin_cmake_args': None, 'catkin_skip_building_tests': False, 'cmake_args': None, 'cmake_clean_cache': False, 'cmake_clean_first': False, 'cmake_force_configure': False, 'cmake_target': None, 'cmake_target_skip_unavailable': False, 'install_base': '/home/ubuntu/ros2_ws/pico_ros/install/pico_description', 'merge_install': False, 'path': '/home/ubuntu/ros2_ws/pico_ros/pico_description', 'symlink_install': False, 'test_result_base': None}
[0.518s] Level 5:colcon.colcon_core.verb:set package 'teleop_joy' build argument 'cmake_args' from command line to 'None'
[0.518s] Level 5:colcon.colcon_core.verb:set package 'teleop_joy' build argument 'cmake_target' from command line to 'None'
[0.518s] Level 5:colcon.colcon_core.verb:set package 'teleop_joy' build argument 'cmake_target_skip_unavailable' from command line to 'False'
[0.518s] Level 5:colcon.colcon_core.verb:set package 'teleop_joy' build argument 'cmake_clean_cache' from command line to 'False'
[0.518s] Level 5:colcon.colcon_core.verb:set package 'teleop_joy' build argument 'cmake_clean_first' from command line to 'False'
[0.518s] Level 5:colcon.colcon_core.verb:set package 'teleop_joy' build argument 'cmake_force_configure' from command line to 'False'
[0.518s] Level 5:colcon.colcon_core.verb:set package 'teleop_joy' build argument 'ament_cmake_args' from command line to 'None'
[0.518s] Level 5:colcon.colcon_core.verb:set package 'teleop_joy' build argument 'catkin_cmake_args' from command line to 'None'
[0.519s] Level 5:colcon.colcon_core.verb:set package 'teleop_joy' build argument 'catkin_skip_building_tests' from command line to 'False'
[0.519s] DEBUG:colcon.colcon_core.verb:Building package 'teleop_joy' with the following arguments: {'ament_cmake_args': None, 'build_base': '/home/ubuntu/ros2_ws/pico_ros/build/teleop_joy', 'catkin_cmake_args': None, 'catkin_skip_building_tests': False, 'cmake_args': None, 'cmake_clean_cache': False, 'cmake_clean_first': False, 'cmake_force_configure': False, 'cmake_target': None, 'cmake_target_skip_unavailable': False, 'install_base': '/home/ubuntu/ros2_ws/pico_ros/install/teleop_joy', 'merge_install': False, 'path': '/home/ubuntu/ros2_ws/pico_ros/teleop_joy', 'symlink_install': False, 'test_result_base': None}
[0.519s] INFO:colcon.colcon_core.executor:Executing jobs using 'parallel' executor
[0.525s] DEBUG:colcon.colcon_parallel_executor.executor.parallel:run_until_complete
[0.525s] INFO:colcon.colcon_ros.task.ament_cmake.build:Building ROS package in '/home/ubuntu/ros2_ws/pico_ros/pico_description' with build type 'ament_cmake'
[0.525s] INFO:colcon.colcon_cmake.task.cmake.build:Building CMake package in '/home/ubuntu/ros2_ws/pico_ros/pico_description'
[0.531s] INFO:colcon.colcon_core.plugin_system:Skipping extension 'colcon_core.shell.bat': Not used on non-Windows systems
[0.531s] INFO:colcon.colcon_core.shell:Skip shell extension 'powershell' for command environment: Not usable outside of PowerShell
[0.531s] DEBUG:colcon.colcon_core.shell:Skip shell extension 'dsv' for command environment
[0.537s] INFO:colcon.colcon_ros.task.ament_cmake.build:Building ROS package in '/home/ubuntu/ros2_ws/pico_ros/teleop_joy' with build type 'ament_cmake'
[0.537s] INFO:colcon.colcon_cmake.task.cmake.build:Building CMake package in '/home/ubuntu/ros2_ws/pico_ros/teleop_joy'
[0.539s] INFO:colcon.colcon_core.shell:Skip shell extension 'powershell' for command environment: Not usable outside of PowerShell
[0.540s] DEBUG:colcon.colcon_core.shell:Skip shell extension 'dsv' for command environment
[0.552s] DEBUG:colcon.colcon_core.event_handler.log_command:Invoking command in '/home/ubuntu/ros2_ws/pico_ros/build/pico_description': CMAKE_PREFIX_PATH=${CMAKE_PREFIX_PATH}:/opt/ros/humble /usr/bin/cmake --build /home/ubuntu/ros2_ws/pico_ros/build/pico_description -- -j4 -l4
[0.563s] DEBUG:colcon.colcon_core.event_handler.log_command:Invoking command in '/home/ubuntu/ros2_ws/pico_ros/build/teleop_joy': CMAKE_PREFIX_PATH=${CMAKE_PREFIX_PATH}:/opt/ros/humble /usr/bin/cmake --build /home/ubuntu/ros2_ws/pico_ros/build/teleop_joy -- -j4 -l4
[0.599s] DEBUG:colcon.colcon_core.event_handler.log_command:Invoked command in '/home/ubuntu/ros2_ws/pico_ros/build/pico_description' returned '0': CMAKE_PREFIX_PATH=${CMAKE_PREFIX_PATH}:/opt/ros/humble /usr/bin/cmake --build /home/ubuntu/ros2_ws/pico_ros/build/pico_description -- -j4 -l4
[0.633s] DEBUG:colcon.colcon_core.event_handler.log_command:Invoking command in '/home/ubuntu/ros2_ws/pico_ros/build/pico_description': CMAKE_PREFIX_PATH=${CMAKE_PREFIX_PATH}:/opt/ros/humble /usr/bin/cmake --install /home/ubuntu/ros2_ws/pico_ros/build/pico_description
[0.638s] DEBUG:colcon.colcon_core.event_handler.log_command:Invoked command in '/home/ubuntu/ros2_ws/pico_ros/build/teleop_joy' returned '0': CMAKE_PREFIX_PATH=${CMAKE_PREFIX_PATH}:/opt/ros/humble /usr/bin/cmake --build /home/ubuntu/ros2_ws/pico_ros/build/teleop_joy -- -j4 -l4
[0.649s] Level 1:colcon.colcon_core.environment:create_environment_scripts_only(pico_description)
[0.651s] DEBUG:colcon.colcon_core.event_handler.log_command:Invoked command in '/home/ubuntu/ros2_ws/pico_ros/build/pico_description' returned '0': CMAKE_PREFIX_PATH=${CMAKE_PREFIX_PATH}:/opt/ros/humble /usr/bin/cmake --install /home/ubuntu/ros2_ws/pico_ros/build/pico_description
[0.659s] Level 1:colcon.colcon_core.environment:checking '/home/ubuntu/ros2_ws/pico_ros/install/pico_description' for CMake module files
[0.660s] Level 1:colcon.colcon_core.environment:checking '/home/ubuntu/ros2_ws/pico_ros/install/pico_description' for CMake config files
[0.660s] Level 1:colcon.colcon_core.shell:create_environment_hook('pico_description', 'cmake_prefix_path')
[0.662s] INFO:colcon.colcon_core.shell:Creating environment hook '/home/ubuntu/ros2_ws/pico_ros/install/pico_description/share/pico_description/hook/cmake_prefix_path.ps1'
[0.663s] INFO:colcon.colcon_core.shell:Creating environment descriptor '/home/ubuntu/ros2_ws/pico_ros/install/pico_description/share/pico_description/hook/cmake_prefix_path.dsv'
[0.663s] INFO:colcon.colcon_core.shell:Creating environment hook '/home/ubuntu/ros2_ws/pico_ros/install/pico_description/share/pico_description/hook/cmake_prefix_path.sh'
[0.664s] Level 1:colcon.colcon_core.environment:checking '/home/ubuntu/ros2_ws/pico_ros/install/pico_description/bin'
[0.664s] Level 1:colcon.colcon_core.environment:checking '/home/ubuntu/ros2_ws/pico_ros/install/pico_description/lib/pkgconfig/pico_description.pc'
[0.665s] Level 1:colcon.colcon_core.environment:checking '/home/ubuntu/ros2_ws/pico_ros/install/pico_description/lib/python3.10/site-packages'
[0.665s] Level 1:colcon.colcon_core.environment:checking '/home/ubuntu/ros2_ws/pico_ros/install/pico_description/bin'
[0.667s] INFO:colcon.colcon_core.shell:Creating package script '/home/ubuntu/ros2_ws/pico_ros/install/pico_description/share/pico_description/package.ps1'
[0.668s] INFO:colcon.colcon_core.shell:Creating package descriptor '/home/ubuntu/ros2_ws/pico_ros/install/pico_description/share/pico_description/package.dsv'
[0.668s] INFO:colcon.colcon_core.shell:Creating package script '/home/ubuntu/ros2_ws/pico_ros/install/pico_description/share/pico_description/package.sh'
[0.669s] INFO:colcon.colcon_core.shell:Creating package script '/home/ubuntu/ros2_ws/pico_ros/install/pico_description/share/pico_description/package.bash'
[0.671s] INFO:colcon.colcon_core.shell:Creating package script '/home/ubuntu/ros2_ws/pico_ros/install/pico_description/share/pico_description/package.zsh'
[0.672s] Level 1:colcon.colcon_core.environment:create_file_with_runtime_dependencies(/home/ubuntu/ros2_ws/pico_ros/install/pico_description/share/colcon-core/packages/pico_description)
[0.675s] DEBUG:colcon.colcon_core.event_handler.log_command:Invoking command in '/home/ubuntu/ros2_ws/pico_ros/build/teleop_joy': CMAKE_PREFIX_PATH=${CMAKE_PREFIX_PATH}:/opt/ros/humble /usr/bin/cmake --install /home/ubuntu/ros2_ws/pico_ros/build/teleop_joy
[0.686s] Level 1:colcon.colcon_core.environment:create_environment_scripts_only(teleop_joy)
[0.689s] Level 1:colcon.colcon_core.environment:checking '/home/ubuntu/ros2_ws/pico_ros/install/teleop_joy' for CMake module files
[0.689s] DEBUG:colcon.colcon_core.event_handler.log_command:Invoked command in '/home/ubuntu/ros2_ws/pico_ros/build/teleop_joy' returned '0': CMAKE_PREFIX_PATH=${CMAKE_PREFIX_PATH}:/opt/ros/humble /usr/bin/cmake --install /home/ubuntu/ros2_ws/pico_ros/build/teleop_joy
[0.690s] Level 1:colcon.colcon_core.environment:checking '/home/ubuntu/ros2_ws/pico_ros/install/teleop_joy' for CMake config files
[0.690s] Level 1:colcon.colcon_core.shell:create_environment_hook('teleop_joy', 'cmake_prefix_path')
[0.692s] INFO:colcon.colcon_core.shell:Creating environment hook '/home/ubuntu/ros2_ws/pico_ros/install/teleop_joy/share/teleop_joy/hook/cmake_prefix_path.ps1'
[0.692s] INFO:colcon.colcon_core.shell:Creating environment descriptor '/home/ubuntu/ros2_ws/pico_ros/install/teleop_joy/share/teleop_joy/hook/cmake_prefix_path.dsv'
[0.693s] INFO:colcon.colcon_core.shell:Creating environment hook '/home/ubuntu/ros2_ws/pico_ros/install/teleop_joy/share/teleop_joy/hook/cmake_prefix_path.sh'
[0.693s] Level 1:colcon.colcon_core.environment:checking '/home/ubuntu/ros2_ws/pico_ros/install/teleop_joy/lib'
[0.694s] Level 1:colcon.colcon_core.environment:checking '/home/ubuntu/ros2_ws/pico_ros/install/teleop_joy/bin'
[0.694s] Level 1:colcon.colcon_core.environment:checking '/home/ubuntu/ros2_ws/pico_ros/install/teleop_joy/lib/pkgconfig/teleop_joy.pc'
[0.694s] Level 1:colcon.colcon_core.environment:checking '/home/ubuntu/ros2_ws/pico_ros/install/teleop_joy/lib/python3.10/site-packages'
[0.694s] Level 1:colcon.colcon_core.environment:checking '/home/ubuntu/ros2_ws/pico_ros/install/teleop_joy/bin'
[0.696s] INFO:colcon.colcon_core.shell:Creating package script '/home/ubuntu/ros2_ws/pico_ros/install/teleop_joy/share/teleop_joy/package.ps1'
[0.697s] INFO:colcon.colcon_core.shell:Creating package descriptor '/home/ubuntu/ros2_ws/pico_ros/install/teleop_joy/share/teleop_joy/package.dsv'
[0.697s] INFO:colcon.colcon_core.shell:Creating package script '/home/ubuntu/ros2_ws/pico_ros/install/teleop_joy/share/teleop_joy/package.sh'
[0.697s] INFO:colcon.colcon_core.shell:Creating package script '/home/ubuntu/ros2_ws/pico_ros/install/teleop_joy/share/teleop_joy/package.bash'
[0.698s] INFO:colcon.colcon_core.shell:Creating package script '/home/ubuntu/ros2_ws/pico_ros/install/teleop_joy/share/teleop_joy/package.zsh'
[0.698s] Level 1:colcon.colcon_core.environment:create_file_with_runtime_dependencies(/home/ubuntu/ros2_ws/pico_ros/install/teleop_joy/share/colcon-core/packages/teleop_joy)
[0.701s] Level 1:colcon.colcon_core.environment:create_environment_scripts_only(pico_description)
[0.703s] Level 1:colcon.colcon_core.environment:checking '/home/ubuntu/ros2_ws/pico_ros/install/pico_description' for CMake module files
[0.704s] Level 1:colcon.colcon_core.environment:checking '/home/ubuntu/ros2_ws/pico_ros/install/pico_description' for CMake config files
[0.704s] Level 1:colcon.colcon_core.shell:create_environment_hook('pico_description', 'cmake_prefix_path')
[0.706s] INFO:colcon.colcon_core.shell:Creating environment hook '/home/ubuntu/ros2_ws/pico_ros/install/pico_description/share/pico_description/hook/cmake_prefix_path.ps1'
[0.706s] INFO:colcon.colcon_core.shell:Creating environment descriptor '/home/ubuntu/ros2_ws/pico_ros/install/pico_description/share/pico_description/hook/cmake_prefix_path.dsv'
[0.706s] INFO:colcon.colcon_core.shell:Creating environment hook '/home/ubuntu/ros2_ws/pico_ros/install/pico_description/share/pico_description/hook/cmake_prefix_path.sh'
[0.707s] Level 1:colcon.colcon_core.environment:checking '/home/ubuntu/ros2_ws/pico_ros/install/pico_description/bin'
[0.707s] Level 1:colcon.colcon_core.environment:checking '/home/ubuntu/ros2_ws/pico_ros/install/pico_description/lib/pkgconfig/pico_description.pc'
[0.707s] Level 1:colcon.colcon_core.environment:checking '/home/ubuntu/ros2_ws/pico_ros/install/pico_description/lib/python3.10/site-packages'
[0.708s] Level 1:colcon.colcon_core.environment:checking '/home/ubuntu/ros2_ws/pico_ros/install/pico_description/bin'
[0.709s] INFO:colcon.colcon_core.shell:Creating package script '/home/ubuntu/ros2_ws/pico_ros/install/pico_description/share/pico_description/package.ps1'
[0.710s] INFO:colcon.colcon_core.shell:Creating package descriptor '/home/ubuntu/ros2_ws/pico_ros/install/pico_description/share/pico_description/package.dsv'
[0.711s] INFO:colcon.colcon_core.shell:Creating package script '/home/ubuntu/ros2_ws/pico_ros/install/pico_description/share/pico_description/package.sh'
[0.711s] INFO:colcon.colcon_core.shell:Creating package script '/home/ubuntu/ros2_ws/pico_ros/install/pico_description/share/pico_description/package.bash'
[0.711s] INFO:colcon.colcon_core.shell:Creating package script '/home/ubuntu/ros2_ws/pico_ros/install/pico_description/share/pico_description/package.zsh'
[0.712s] Level 1:colcon.colcon_core.environment:create_file_with_runtime_dependencies(/home/ubuntu/ros2_ws/pico_ros/install/pico_description/share/colcon-core/packages/pico_description)
[0.724s] Level 1:colcon.colcon_core.environment:create_environment_scripts_only(teleop_joy)
[0.727s] Level 1:colcon.colcon_core.environment:checking '/home/ubuntu/ros2_ws/pico_ros/install/teleop_joy' for CMake module files
[0.728s] Level 1:colcon.colcon_core.environment:checking '/home/ubuntu/ros2_ws/pico_ros/install/teleop_joy' for CMake config files
[0.728s] Level 1:colcon.colcon_core.shell:create_environment_hook('teleop_joy', 'cmake_prefix_path')
[0.730s] INFO:colcon.colcon_core.shell:Creating environment hook '/home/ubuntu/ros2_ws/pico_ros/install/teleop_joy/share/teleop_joy/hook/cmake_prefix_path.ps1'
[0.730s] INFO:colcon.colcon_core.shell:Creating environment descriptor '/home/ubuntu/ros2_ws/pico_ros/install/teleop_joy/share/teleop_joy/hook/cmake_prefix_path.dsv'
[0.731s] INFO:colcon.colcon_core.shell:Creating environment hook '/home/ubuntu/ros2_ws/pico_ros/install/teleop_joy/share/teleop_joy/hook/cmake_prefix_path.sh'
[0.731s] Level 1:colcon.colcon_core.environment:checking '/home/ubuntu/ros2_ws/pico_ros/install/teleop_joy/lib'
[0.731s] Level 1:colcon.colcon_core.environment:checking '/home/ubuntu/ros2_ws/pico_ros/install/teleop_joy/bin'
[0.731s] Level 1:colcon.colcon_core.environment:checking '/home/ubuntu/ros2_ws/pico_ros/install/teleop_joy/lib/pkgconfig/teleop_joy.pc'
[0.732s] Level 1:colcon.colcon_core.environment:checking '/home/ubuntu/ros2_ws/pico_ros/install/teleop_joy/lib/python3.10/site-packages'
[0.732s] Level 1:colcon.colcon_core.environment:checking '/home/ubuntu/ros2_ws/pico_ros/install/teleop_joy/bin'
[0.733s] INFO:colcon.colcon_core.shell:Creating package script '/home/ubuntu/ros2_ws/pico_ros/install/teleop_joy/share/teleop_joy/package.ps1'
[0.734s] INFO:colcon.colcon_core.shell:Creating package descriptor '/home/ubuntu/ros2_ws/pico_ros/install/teleop_joy/share/teleop_joy/package.dsv'
[0.734s] INFO:colcon.colcon_core.shell:Creating package script '/home/ubuntu/ros2_ws/pico_ros/install/teleop_joy/share/teleop_joy/package.sh'
[0.735s] INFO:colcon.colcon_core.shell:Creating package script '/home/ubuntu/ros2_ws/pico_ros/install/teleop_joy/share/teleop_joy/package.bash'
[0.735s] INFO:colcon.colcon_core.shell:Creating package script '/home/ubuntu/ros2_ws/pico_ros/install/teleop_joy/share/teleop_joy/package.zsh'
[0.736s] Level 1:colcon.colcon_core.environment:create_file_with_runtime_dependencies(/home/ubuntu/ros2_ws/pico_ros/install/teleop_joy/share/colcon-core/packages/teleop_joy)
[0.736s] DEBUG:colcon.colcon_parallel_executor.executor.parallel:closing loop
[0.736s] DEBUG:colcon.colcon_parallel_executor.executor.parallel:loop closed
[0.737s] DEBUG:colcon.colcon_parallel_executor.executor.parallel:run_until_complete finished with '0'
[0.737s] DEBUG:colcon.colcon_core.event_reactor:joining thread
[0.745s] INFO:colcon.colcon_core.plugin_system:Skipping extension 'colcon_notification.desktop_notification.terminal_notifier': Not used on non-Darwin systems
[0.745s] INFO:colcon.colcon_core.plugin_system:Skipping extension 'colcon_notification.desktop_notification.win32': Not used on non-Windows systems
[0.745s] INFO:colcon.colcon_notification.desktop_notification:Sending desktop notification using 'notify2'
[0.758s] DEBUG:colcon.colcon_core.event_reactor:joined thread
[0.762s] INFO:colcon.colcon_core.shell:Creating prefix script '/home/ubuntu/ros2_ws/pico_ros/install/local_setup.ps1'
[0.764s] INFO:colcon.colcon_core.shell:Creating prefix util module '/home/ubuntu/ros2_ws/pico_ros/install/_local_setup_util_ps1.py'
[0.766s] INFO:colcon.colcon_core.shell:Creating prefix chain script '/home/ubuntu/ros2_ws/pico_ros/install/setup.ps1'
[0.768s] INFO:colcon.colcon_core.shell:Creating prefix script '/home/ubuntu/ros2_ws/pico_ros/install/local_setup.sh'
[0.769s] INFO:colcon.colcon_core.shell:Creating prefix util module '/home/ubuntu/ros2_ws/pico_ros/install/_local_setup_util_sh.py'
[0.770s] INFO:colcon.colcon_core.shell:Creating prefix chain script '/home/ubuntu/ros2_ws/pico_ros/install/setup.sh'
[0.772s] INFO:colcon.colcon_core.shell:Creating prefix script '/home/ubuntu/ros2_ws/pico_ros/install/local_setup.bash'
[0.772s] INFO:colcon.colcon_core.shell:Creating prefix chain script '/home/ubuntu/ros2_ws/pico_ros/install/setup.bash'
[0.775s] INFO:colcon.colcon_core.shell:Creating prefix script '/home/ubuntu/ros2_ws/pico_ros/install/local_setup.zsh'
[0.776s] INFO:colcon.colcon_core.shell:Creating prefix chain script '/home/ubuntu/ros2_ws/pico_ros/install/setup.zsh'
